\BOOKMARK [1][-]{section.1}{Introduction}{}% 1
\BOOKMARK [2][-]{subsection.1.1}{General Technical Area}{section.1}% 2
\BOOKMARK [2][-]{subsection.1.2}{Problem}{section.1}% 3
\BOOKMARK [1][-]{section.2}{Background and Literature Review}{}% 4
\BOOKMARK [2][-]{subsection.2.1}{Software Tool}{section.2}% 5
\BOOKMARK [2][-]{subsection.2.2}{About Noises in Digital Control Systems}{section.2}% 6
\BOOKMARK [2][-]{subsection.2.3}{On Quantization Noise}{section.2}% 7
\BOOKMARK [2][-]{subsection.2.4}{Quantizing Theorem I and II}{section.2}% 8
\BOOKMARK [2][-]{subsection.2.5}{PQN Model: Additive Noise Approximation}{section.2}% 9
\BOOKMARK [2][-]{subsection.2.6}{Noise Shaping Filter}{section.2}% 10
\BOOKMARK [1][-]{section.3}{Objectives}{}% 11
\BOOKMARK [2][-]{subsection.3.1}{Software Tool}{section.3}% 12
\BOOKMARK [2][-]{subsection.3.2}{Noise Shaping Filter for DAC}{section.3}% 13
\BOOKMARK [2][-]{subsection.3.3}{Measurements and Calculations}{section.3}% 14
\BOOKMARK [2][-]{subsection.3.4}{Assumptions}{section.3}% 15
\BOOKMARK [1][-]{section.4}{Approach and Time-line}{}% 16
\BOOKMARK [2][-]{subsection.4.1}{Software Tool and Quantization Noise Code}{section.4}% 17
\BOOKMARK [2][-]{subsection.4.2}{Quantization Noise Analysis of Digital aLIGO filters}{section.4}% 18
\BOOKMARK [2][-]{subsection.4.3}{Optimization of Filter Design}{section.4}% 19
\BOOKMARK [2][-]{subsection.4.4}{DAC Noise Shaping}{section.4}% 20
