This is pdfTeX, Version 3.1415926-2.5-1.40.14 (TeX Live 2013/Debian) (format=pdflatex 2015.4.26)  7 JUL 2015 13:06
entering extended mode
 \write18 enabled.
 %&-line parsing enabled.
**Progress_Report_II.tex
(./Progress_Report_II.tex
LaTeX2e <2011/06/27>
Babel <3.9h> and hyphenation patterns for 78 languages loaded.
(./ligodoc.cls
Document Class: ligodoc 2006/07/17 LIGO document class
(/usr/share/texlive/texmf-dist/tex/latex/base/article.cls
Document Class: article 2007/10/19 v1.4h Standard LaTeX document class
(/usr/share/texlive/texmf-dist/tex/latex/base/size12.clo
File: size12.clo 2007/10/19 v1.4h Standard LaTeX file (size option)
)
\c@part=\count79
\c@section=\count80
\c@subsection=\count81
\c@subsubsection=\count82
\c@paragraph=\count83
\c@subparagraph=\count84
\c@figure=\count85
\c@table=\count86
\abovecaptionskip=\skip41
\belowcaptionskip=\skip42
\bibindent=\dimen102
)
(/usr/share/texlive/texmf-dist/tex/latex/base/latexsym.sty
Package: latexsym 1998/08/17 v2.2e Standard LaTeX package (lasy symbols)
\symlasy=\mathgroup4
LaTeX Font Info:    Overwriting symbol font `lasy' in version `bold'
(Font)                  U/lasy/m/n --> U/lasy/b/n on input line 47.
)
(/usr/share/texlive/texmf-dist/tex/latex/amsmath/amsmath.sty
Package: amsmath 2013/01/14 v2.14 AMS math features
\@mathmargin=\skip43

For additional information on amsmath, use the `?' option.
(/usr/share/texlive/texmf-dist/tex/latex/amsmath/amstext.sty
Package: amstext 2000/06/29 v2.01

(/usr/share/texlive/texmf-dist/tex/latex/amsmath/amsgen.sty
File: amsgen.sty 1999/11/30 v2.0
\@emptytoks=\toks14
\ex@=\dimen103
))
(/usr/share/texlive/texmf-dist/tex/latex/amsmath/amsbsy.sty
Package: amsbsy 1999/11/29 v1.2d
\pmbraise@=\dimen104
)
(/usr/share/texlive/texmf-dist/tex/latex/amsmath/amsopn.sty
Package: amsopn 1999/12/14 v2.01 operator names
)
\inf@bad=\count87
LaTeX Info: Redefining \frac on input line 210.
\uproot@=\count88
\leftroot@=\count89
LaTeX Info: Redefining \overline on input line 306.
\classnum@=\count90
\DOTSCASE@=\count91
LaTeX Info: Redefining \ldots on input line 378.
LaTeX Info: Redefining \dots on input line 381.
LaTeX Info: Redefining \cdots on input line 466.
\Mathstrutbox@=\box26
\strutbox@=\box27
\big@size=\dimen105
LaTeX Font Info:    Redeclaring font encoding OML on input line 566.
LaTeX Font Info:    Redeclaring font encoding OMS on input line 567.
\macc@depth=\count92
\c@MaxMatrixCols=\count93
\dotsspace@=\muskip10
\c@parentequation=\count94
\dspbrk@lvl=\count95
\tag@help=\toks15
\row@=\count96
\column@=\count97
\maxfields@=\count98
\andhelp@=\toks16
\eqnshift@=\dimen106
\alignsep@=\dimen107
\tagshift@=\dimen108
\tagwidth@=\dimen109
\totwidth@=\dimen110
\lineht@=\dimen111
\@envbody=\toks17
\multlinegap=\skip44
\multlinetaggap=\skip45
\mathdisplay@stack=\toks18
LaTeX Info: Redefining \[ on input line 2665.
LaTeX Info: Redefining \] on input line 2666.
)
(/usr/share/texlive/texmf-dist/tex/latex/amsfonts/amsfonts.sty
Package: amsfonts 2013/01/14 v3.01 Basic AMSFonts support
\symAMSa=\mathgroup5
\symAMSb=\mathgroup6
LaTeX Font Info:    Overwriting math alphabet `\mathfrak' in version `bold'
(Font)                  U/euf/m/n --> U/euf/b/n on input line 106.
)
(/usr/share/texlive/texmf-dist/tex/latex/amsfonts/amssymb.sty
Package: amssymb 2013/01/14 v3.01 AMS font symbols
)
(/usr/share/texlive/texmf-dist/tex/latex/graphics/graphicx.sty
Package: graphicx 1999/02/16 v1.0f Enhanced LaTeX Graphics (DPC,SPQR)

(/usr/share/texlive/texmf-dist/tex/latex/graphics/keyval.sty
Package: keyval 1999/03/16 v1.13 key=value parser (DPC)
\KV@toks@=\toks19
)
(/usr/share/texlive/texmf-dist/tex/latex/graphics/graphics.sty
Package: graphics 2009/02/05 v1.0o Standard LaTeX Graphics (DPC,SPQR)

(/usr/share/texlive/texmf-dist/tex/latex/graphics/trig.sty
Package: trig 1999/03/16 v1.09 sin cos tan (DPC)
)
(/usr/share/texlive/texmf-dist/tex/latex/latexconfig/graphics.cfg
File: graphics.cfg 2010/04/23 v1.9 graphics configuration of TeX Live
)
Package graphics Info: Driver file: pdftex.def on input line 91.

(/usr/share/texlive/texmf-dist/tex/latex/pdftex-def/pdftex.def
File: pdftex.def 2011/05/27 v0.06d Graphics/color for pdfTeX

(/usr/share/texlive/texmf-dist/tex/generic/oberdiek/infwarerr.sty
Package: infwarerr 2010/04/08 v1.3 Providing info/warning/error messages (HO)
)
(/usr/share/texlive/texmf-dist/tex/generic/oberdiek/ltxcmds.sty
Package: ltxcmds 2011/11/09 v1.22 LaTeX kernel commands for general use (HO)
)
\Gread@gobject=\count99
))
\Gin@req@height=\dimen112
\Gin@req@width=\dimen113
)
(/usr/share/texlive/texmf-dist/tex/latex/graphics/color.sty
Package: color 2005/11/14 v1.0j Standard LaTeX Color (DPC)

(/usr/share/texlive/texmf-dist/tex/latex/latexconfig/color.cfg
File: color.cfg 2007/01/18 v1.5 color configuration of teTeX/TeXLive
)
Package color Info: Driver file: pdftex.def on input line 130.

(/usr/share/texlive/texmf-dist/tex/latex/graphics/dvipsnam.def
File: dvipsnam.def 1999/02/16 v3.0i Driver-dependant file (DPC,SPQR)
))
(/usr/share/texlive/texmf-dist/tex/latex/hyperref/hyperref.sty
Package: hyperref 2012/11/06 v6.83m Hypertext links for LaTeX

(/usr/share/texlive/texmf-dist/tex/generic/oberdiek/hobsub-hyperref.sty
Package: hobsub-hyperref 2012/05/28 v1.13 Bundle oberdiek, subset hyperref (HO)


(/usr/share/texlive/texmf-dist/tex/generic/oberdiek/hobsub-generic.sty
Package: hobsub-generic 2012/05/28 v1.13 Bundle oberdiek, subset generic (HO)
Package: hobsub 2012/05/28 v1.13 Construct package bundles (HO)
Package hobsub Info: Skipping package `infwarerr' (already loaded).
Package hobsub Info: Skipping package `ltxcmds' (already loaded).
Package: ifluatex 2010/03/01 v1.3 Provides the ifluatex switch (HO)
Package ifluatex Info: LuaTeX not detected.
Package: ifvtex 2010/03/01 v1.5 Detect VTeX and its facilities (HO)
Package ifvtex Info: VTeX not detected.
Package: intcalc 2007/09/27 v1.1 Expandable calculations with integers (HO)
Package: ifpdf 2011/01/30 v2.3 Provides the ifpdf switch (HO)
Package ifpdf Info: pdfTeX in PDF mode is detected.
Package: etexcmds 2011/02/16 v1.5 Avoid name clashes with e-TeX commands (HO)
Package etexcmds Info: Could not find \expanded.
(etexcmds)             That can mean that you are not using pdfTeX 1.50 or
(etexcmds)             that some package has redefined \expanded.
(etexcmds)             In the latter case, load this package earlier.
Package: kvsetkeys 2012/04/25 v1.16 Key value parser (HO)
Package: kvdefinekeys 2011/04/07 v1.3 Define keys (HO)
Package: pdftexcmds 2011/11/29 v0.20 Utility functions of pdfTeX for LuaTeX (HO
)
Package pdftexcmds Info: LuaTeX not detected.
Package pdftexcmds Info: \pdf@primitive is available.
Package pdftexcmds Info: \pdf@ifprimitive is available.
Package pdftexcmds Info: \pdfdraftmode found.
Package: pdfescape 2011/11/25 v1.13 Implements pdfTeX's escape features (HO)
Package: bigintcalc 2012/04/08 v1.3 Expandable calculations on big integers (HO
)
Package: bitset 2011/01/30 v1.1 Handle bit-vector datatype (HO)
Package: uniquecounter 2011/01/30 v1.2 Provide unlimited unique counter (HO)
)
Package hobsub Info: Skipping package `hobsub' (already loaded).
Package: letltxmacro 2010/09/02 v1.4 Let assignment for LaTeX macros (HO)
Package: hopatch 2012/05/28 v1.2 Wrapper for package hooks (HO)
Package: xcolor-patch 2011/01/30 xcolor patch
Package: atveryend 2011/06/30 v1.8 Hooks at the very end of document (HO)
Package atveryend Info: \enddocument detected (standard20110627).
Package: atbegshi 2011/10/05 v1.16 At begin shipout hook (HO)
Package: refcount 2011/10/16 v3.4 Data extraction from label references (HO)
Package: hycolor 2011/01/30 v1.7 Color options for hyperref/bookmark (HO)
)
(/usr/share/texlive/texmf-dist/tex/generic/ifxetex/ifxetex.sty
Package: ifxetex 2010/09/12 v0.6 Provides ifxetex conditional
)
(/usr/share/texlive/texmf-dist/tex/latex/oberdiek/auxhook.sty
Package: auxhook 2011/03/04 v1.3 Hooks for auxiliary files (HO)
)
(/usr/share/texlive/texmf-dist/tex/latex/oberdiek/kvoptions.sty
Package: kvoptions 2011/06/30 v3.11 Key value format for package options (HO)
)
\@linkdim=\dimen114
\Hy@linkcounter=\count100
\Hy@pagecounter=\count101

(/usr/share/texlive/texmf-dist/tex/latex/hyperref/pd1enc.def
File: pd1enc.def 2012/11/06 v6.83m Hyperref: PDFDocEncoding definition (HO)
)
\Hy@SavedSpaceFactor=\count102

(/usr/share/texlive/texmf-dist/tex/latex/latexconfig/hyperref.cfg
File: hyperref.cfg 2002/06/06 v1.2 hyperref configuration of TeXLive
)
Package hyperref Info: Option `colorlinks' set `true' on input line 4319.
Package hyperref Info: Hyper figures OFF on input line 4443.
Package hyperref Info: Link nesting OFF on input line 4448.
Package hyperref Info: Hyper index ON on input line 4451.
Package hyperref Info: Plain pages OFF on input line 4458.
Package hyperref Info: Backreferencing OFF on input line 4463.
Package hyperref Info: Implicit mode ON; LaTeX internals redefined.
Package hyperref Info: Bookmarks ON on input line 4688.
\c@Hy@tempcnt=\count103

(/usr/share/texlive/texmf-dist/tex/latex/url/url.sty
\Urlmuskip=\muskip11
Package: url 2013/09/16  ver 3.4  Verb mode for urls, etc.
)
LaTeX Info: Redefining \url on input line 5041.
\XeTeXLinkMargin=\dimen115
\Fld@menulength=\count104
\Field@Width=\dimen116
\Fld@charsize=\dimen117
Package hyperref Info: Hyper figures OFF on input line 6295.
Package hyperref Info: Link nesting OFF on input line 6300.
Package hyperref Info: Hyper index ON on input line 6303.
Package hyperref Info: backreferencing OFF on input line 6310.
Package hyperref Info: Link coloring ON on input line 6313.
Package hyperref Info: Link coloring with OCG OFF on input line 6320.
Package hyperref Info: PDF/A mode OFF on input line 6325.
LaTeX Info: Redefining \ref on input line 6365.
LaTeX Info: Redefining \pageref on input line 6369.
\Hy@abspage=\count105
\c@Item=\count106
\c@Hfootnote=\count107
)

Package hyperref Message: Driver (autodetected): hpdftex.

(/usr/share/texlive/texmf-dist/tex/latex/hyperref/hpdftex.def
File: hpdftex.def 2012/11/06 v6.83m Hyperref driver for pdfTeX
\Fld@listcount=\count108
\c@bookmark@seq@number=\count109

(/usr/share/texlive/texmf-dist/tex/latex/oberdiek/rerunfilecheck.sty
Package: rerunfilecheck 2011/04/15 v1.7 Rerun checks for auxiliary files (HO)
Package uniquecounter Info: New unique counter `rerunfilecheck' on input line 2
82.
)
\Hy@SectionHShift=\skip46
)
(/usr/share/texlive/texmf-dist/tex/latex/base/ifthen.sty
Package: ifthen 2001/05/26 v1.1c Standard LaTeX ifthen package (DPC)
)
(/usr/share/texlive/texmf-dist/tex/latex/tools/array.sty
Package: array 2008/09/09 v2.4c Tabular extension package (FMi)
\col@sep=\dimen118
\extrarowheight=\dimen119
\NC@list=\toks20
\extratabsurround=\skip47
\backup@length=\skip48
)
(/usr/share/texlive/texmf-dist/tex/latex/tools/calc.sty
Package: calc 2007/08/22 v4.3 Infix arithmetic (KKT,FJ)
\calc@Acount=\count110
\calc@Bcount=\count111
\calc@Adimen=\dimen120
\calc@Bdimen=\dimen121
\calc@Askip=\skip49
\calc@Bskip=\skip50
LaTeX Info: Redefining \setlength on input line 76.
LaTeX Info: Redefining \addtolength on input line 77.
\calc@Ccount=\count112
\calc@Cskip=\skip51
)
(/usr/share/texlive/texmf-dist/tex/latex/vmargin/vmargin.sty
Package: vmargin 2004/07/15 V2.5 set document margins (VK)

Package: vmargin 2004/07/15 V2.5 set document margins (VK)
\PaperWidth=\dimen122
\PaperHeight=\dimen123
)
\GPT@outputbox=\box28
) (/usr/share/texlive/texmf-dist/tex/latex/tools/longtable.sty
Package: longtable 2004/02/01 v4.11 Multi-page Table package (DPC)
\LTleft=\skip52
\LTright=\skip53
\LTpre=\skip54
\LTpost=\skip55
\LTchunksize=\count113
\LTcapwidth=\dimen124
\LT@head=\box29
\LT@firsthead=\box30
\LT@foot=\box31
\LT@lastfoot=\box32
\LT@cols=\count114
\LT@rows=\count115
\c@LT@tables=\count116
\c@LT@chunks=\count117
\LT@p@ftn=\toks21
)
(/usr/share/texlive/texmf-dist/tex/latex/svg/svg.sty
Package: svg 2012/09/05 v1.0 SVG inclusion and extraction

(/usr/share/texlive/texmf-dist/tex/latex/xkeyval/xkeyval.sty
Package: xkeyval 2012/10/14 v2.6b package option processing (HA)

(/usr/share/texlive/texmf-dist/tex/generic/xkeyval/xkeyval.tex
\XKV@toks=\toks22
\XKV@tempa@toks=\toks23
\XKV@depth=\count118
File: xkeyval.tex 2012/10/14 v2.6b key=value parser (HA)
))
(/usr/share/texlive/texmf-dist/tex/latex/subfig/subfig.sty
Package: subfig 2005/06/28 ver: 1.3 subfig package

(/usr/share/texlive/texmf-dist/tex/latex/caption/caption.sty
Package: caption 2013/05/02 v3.3-89 Customizing captions (AR)

(/usr/share/texlive/texmf-dist/tex/latex/caption/caption3.sty
Package: caption3 2013/05/02 v1.6-88 caption3 kernel (AR)
Package caption3 Info: TeX engine: e-TeX on input line 57.
\captionmargin=\dimen125
\captionmargin@=\dimen126
\captionwidth=\dimen127
\caption@tempdima=\dimen128
\caption@indent=\dimen129
\caption@parindent=\dimen130
\caption@hangindent=\dimen131
)
\c@ContinuedFloat=\count119
Package caption Info: hyperref package is loaded.
Package caption Info: longtable package is loaded.

(/usr/share/texlive/texmf-dist/tex/latex/caption/ltcaption.sty
Package: ltcaption 2013/02/03 v1.3-62 longtable captions (AR)
))
\c@KVtest=\count120
\sf@farskip=\skip56
\sf@captopadj=\dimen132
\sf@capskip=\skip57
\sf@nearskip=\skip58
\c@subfigure=\count121
\c@subfigure@save=\count122
\c@lofdepth=\count123
\c@subtable=\count124
\c@subtable@save=\count125
\c@lotdepth=\count126
\sf@top=\skip59
\sf@bottom=\skip60
)
(/usr/share/texlive/texmf-dist/tex/latex/import/import.sty
Package: import 2009/03/23  v 5.1
)
(/usr/share/texlive/texmf-dist/tex/latex/oberdiek/transparent.sty
Package: transparent 2007/01/08 v1.0 Transparency via pdfTeX's color stack (HO)

)
(/usr/share/texmf/tex/latex/xcolor/xcolor.sty
Package: xcolor 2007/01/21 v2.11 LaTeX color extensions (UK)

(/usr/share/texlive/texmf-dist/tex/latex/latexconfig/color.cfg
File: color.cfg 2007/01/18 v1.5 color configuration of teTeX/TeXLive
)
Package xcolor Info: Driver file: pdftex.def on input line 225.
LaTeX Info: Redefining \color on input line 702.
Package xcolor Info: Model `cmy' substituted by `cmy0' on input line 1337.
Package xcolor Info: Model `hsb' substituted by `rgb' on input line 1341.
Package xcolor Info: Model `RGB' extended on input line 1353.
Package xcolor Info: Model `HTML' substituted by `rgb' on input line 1355.
Package xcolor Info: Model `Hsb' substituted by `hsb' on input line 1356.
Package xcolor Info: Model `tHsb' substituted by `hsb' on input line 1357.
Package xcolor Info: Model `HSB' substituted by `hsb' on input line 1358.
Package xcolor Info: Model `Gray' substituted by `gray' on input line 1359.
Package xcolor Info: Model `wave' substituted by `hsb' on input line 1360.
)
\SVG@out@width=\skip61
\SVG@out@height=\skip62
\c@svgfigure=\count127
)
(/usr/share/texlive/texmf-dist/tex/latex/float/float.sty
Package: float 2001/11/08 v1.3d Float enhancements (AL)
\c@float@type=\count128
\float@exts=\toks24
\float@box=\box33
\@float@everytoks=\toks25
\@floatcapt=\box34
)
(/usr/share/texlive/texmf-dist/tex/latex/rotating/rotating.sty
Package: rotating 2009/03/28 v2.16a rotated objects in LaTeX
\c@r@tfl@t=\count129
\rotFPtop=\skip63
\rotFPbot=\skip64
\rot@float@box=\box35
\rot@mess@toks=\toks26
)
(/usr/share/texlive/texmf-dist/tex/latex/fancyhdr/fancyhdr.sty
\fancy@headwidth=\skip65
\f@ncyO@elh=\skip66
\f@ncyO@erh=\skip67
\f@ncyO@olh=\skip68
\f@ncyO@orh=\skip69
\f@ncyO@elf=\skip70
\f@ncyO@erf=\skip71
\f@ncyO@olf=\skip72
\f@ncyO@orf=\skip73
)
(./Progress_Report_II.aux)
\openout1 = `Progress_Report_II.aux'.

LaTeX Font Info:    Checking defaults for OML/cmm/m/it on input line 24.
LaTeX Font Info:    ... okay on input line 24.
LaTeX Font Info:    Checking defaults for T1/cmr/m/n on input line 24.
LaTeX Font Info:    ... okay on input line 24.
LaTeX Font Info:    Checking defaults for OT1/cmr/m/n on input line 24.
LaTeX Font Info:    ... okay on input line 24.
LaTeX Font Info:    Checking defaults for OMS/cmsy/m/n on input line 24.
LaTeX Font Info:    ... okay on input line 24.
LaTeX Font Info:    Checking defaults for OMX/cmex/m/n on input line 24.
LaTeX Font Info:    ... okay on input line 24.
LaTeX Font Info:    Checking defaults for U/cmr/m/n on input line 24.
LaTeX Font Info:    ... okay on input line 24.
LaTeX Font Info:    Checking defaults for PD1/pdf/m/n on input line 24.
LaTeX Font Info:    ... okay on input line 24.

(/usr/share/texlive/texmf-dist/tex/context/base/supp-pdf.mkii
[Loading MPS to PDF converter (version 2006.09.02).]
\scratchcounter=\count130
\scratchdimen=\dimen133
\scratchbox=\box36
\nofMPsegments=\count131
\nofMParguments=\count132
\everyMPshowfont=\toks27
\MPscratchCnt=\count133
\MPscratchDim=\dimen134
\MPnumerator=\count134
\makeMPintoPDFobject=\count135
\everyMPtoPDFconversion=\toks28
) (/usr/share/texlive/texmf-dist/tex/latex/oberdiek/epstopdf-base.sty
Package: epstopdf-base 2010/02/09 v2.5 Base part for package epstopdf

(/usr/share/texlive/texmf-dist/tex/latex/oberdiek/grfext.sty
Package: grfext 2010/08/19 v1.1 Manage graphics extensions (HO)
)
Package grfext Info: Graphics extension search list:
(grfext)             [.png,.pdf,.jpg,.mps,.jpeg,.jbig2,.jb2,.PNG,.PDF,.JPG,.JPE
G,.JBIG2,.JB2,.eps]
(grfext)             \AppendGraphicsExtensions on input line 452.

(/usr/share/texlive/texmf-dist/tex/latex/latexconfig/epstopdf-sys.cfg
File: epstopdf-sys.cfg 2010/07/13 v1.3 Configuration of (r)epstopdf for TeX Liv
e
))
\AtBeginShipoutBox=\box37
Package hyperref Info: Link coloring ON on input line 24.

(/usr/share/texlive/texmf-dist/tex/latex/hyperref/nameref.sty
Package: nameref 2012/10/27 v2.43 Cross-referencing by name of section

(/usr/share/texlive/texmf-dist/tex/generic/oberdiek/gettitlestring.sty
Package: gettitlestring 2010/12/03 v1.4 Cleanup title references (HO)
)
\c@section@level=\count136
)
LaTeX Info: Redefining \ref on input line 24.
LaTeX Info: Redefining \pageref on input line 24.
LaTeX Info: Redefining \nameref on input line 24.

(./Progress_Report_II.out) (./Progress_Report_II.out)
\@outlinefile=\write3
\openout3 = `Progress_Report_II.out'.

LaTeX Font Info:    Try loading font information for U+lasy on input line 24.

(/usr/share/texlive/texmf-dist/tex/latex/base/ulasy.fd
File: ulasy.fd 1998/08/17 v2.2e LaTeX symbol font definitions
)
LaTeX Font Info:    Try loading font information for U+msa on input line 24.

(/usr/share/texlive/texmf-dist/tex/latex/amsfonts/umsa.fd
File: umsa.fd 2013/01/14 v3.01 AMS symbols A
)
LaTeX Font Info:    Try loading font information for U+msb on input line 24.

(/usr/share/texlive/texmf-dist/tex/latex/amsfonts/umsb.fd
File: umsb.fd 2013/01/14 v3.01 AMS symbols B
)

LaTeX Font Warning: Font shape `OT1/cmr/m/n' in size <22> not available
(Font)              size <20.74> substituted on input line 24.


LaTeX Font Warning: Font shape `OT1/cmr/bx/n' in size <22> not available
(Font)              size <20.74> substituted on input line 24.

[1

{/var/lib/texmf/fonts/map/pdftex/updmap/pdftex.map}]
Package caption Info: Begin \AtBeginDocument code.
Package caption Info: subfig package v1.3 is loaded.
Package caption Info: float package is loaded.
Package caption Info: rotating package is loaded.
Package caption Info: End \AtBeginDocument code.

Underfull \vbox (badness 10000) has occurred while \output is active []


Overfull \vbox (7.73332pt too high) has occurred while \output is active []

pdfTeX warning (ext4): destination with the same identifier (name{page.1}) has 
been already used, duplicate ignored
<to be read again> 
                   \relax 
l.32 	\subsection
                 {Signal to Noise Ratio (SNR) Dependence on Digital Filter S...
[1]
Underfull \vbox (badness 10000) has occurred while \output is active []


Overfull \vbox (7.73332pt too high) has occurred while \output is active []


[2]
Underfull \vbox (badness 10000) has occurred while \output is active []


Overfull \vbox (7.73332pt too high) has occurred while \output is active []


[3]
Underfull \vbox (badness 10000) has occurred while \output is active []


Overfull \vbox (7.73332pt too high) has occurred while \output is active []


[4]
Underfull \hbox (badness 10000) in paragraph at lines 69--71

 []


Underfull \vbox (badness 10000) has occurred while \output is active []


Overfull \vbox (7.73332pt too high) has occurred while \output is active []


[5]
Underfull \vbox (badness 10000) has occurred while \output is active []


Overfull \vbox (7.73332pt too high) has occurred while \output is active []


[6]
Underfull \vbox (badness 10000) has occurred while \output is active []


Overfull \vbox (7.73332pt too high) has occurred while \output is active []


[7] (./H1:HPI-BS_L4CINF_H2_IN1_DQ.pdf_tex
<H1:HPI-BS_L4CINF_H2_IN1_DQ.pdf, id=194, 1096.095pt x 616.70403pt>
File: H1:HPI-BS_L4CINF_H2_IN1_DQ.pdf Graphic file (type pdf)

<use H1:HPI-BS_L4CINF_H2_IN1_DQ.pdf>
Package pdftex.def Info: H1:HPI-BS_L4CINF_H2_IN1_DQ.pdf used on input line 52.
(pdftex.def)             Requested size: 548.04749pt x 308.35126pt.
)
Overfull \hbox (78.29247pt too wide) in paragraph at lines 78--102
 [][] 
 []

(./H1:SUS-ITMX_M0_DAMP_P_IN1_DQ.pdf_tex
<H1:SUS-ITMX_M0_DAMP_P_IN1_DQ.pdf, id=195, 1096.095pt x 616.70403pt>
File: H1:SUS-ITMX_M0_DAMP_P_IN1_DQ.pdf Graphic file (type pdf)

<use H1:SUS-ITMX_M0_DAMP_P_IN1_DQ.pdf>
Package pdftex.def Info: H1:SUS-ITMX_M0_DAMP_P_IN1_DQ.pdf used on input line 52
.
(pdftex.def)             Requested size: 548.04749pt x 308.35126pt.
)
Overfull \hbox (78.29247pt too wide) in paragraph at lines 74--112
 [][] 
 []


Underfull \vbox (badness 10000) has occurred while \output is active []


Overfull \vbox (7.73332pt too high) has occurred while \output is active []


[8] (./L1:ISI-ETMX_ST1_FF01_X_IN1_DQ.pdf_tex
<L1:ISI-ETMX_ST1_FF01_X_IN1_DQ.pdf, id=205, 1096.095pt x 616.70403pt>
File: L1:ISI-ETMX_ST1_FF01_X_IN1_DQ.pdf Graphic file (type pdf)

<use L1:ISI-ETMX_ST1_FF01_X_IN1_DQ.pdf>
Package pdftex.def Info: L1:ISI-ETMX_ST1_FF01_X_IN1_DQ.pdf used on input line 5
2.
(pdftex.def)             Requested size: 548.04749pt x 308.35126pt.
)
Overfull \hbox (78.29247pt too wide) in paragraph at lines 78--122
 [][] 
 []


Underfull \vbox (badness 10000) has occurred while \output is active []


Overfull \vbox (7.73332pt too high) has occurred while \output is active []


[9 <./H1:HPI-BS_L4CINF_H2_IN1_DQ.pdf>] (./L1:ISI-ETMY_ST1_ISO_RY_IN1_DQ.pdf_tex
<L1:ISI-ETMY_ST1_ISO_RY_IN1_DQ.pdf, id=216, 1096.095pt x 616.70403pt>
File: L1:ISI-ETMY_ST1_ISO_RY_IN1_DQ.pdf Graphic file (type pdf)

<use L1:ISI-ETMY_ST1_ISO_RY_IN1_DQ.pdf>
Package pdftex.def Info: L1:ISI-ETMY_ST1_ISO_RY_IN1_DQ.pdf used on input line 5
2.
(pdftex.def)             Requested size: 548.04749pt x 308.35126pt.
)
Overfull \hbox (78.29247pt too wide) in paragraph at lines 76--132
 [][] 
 []


Underfull \vbox (badness 10000) has occurred while \output is active []


Overfull \vbox (7.73332pt too high) has occurred while \output is active []


[10 <./H1:SUS-ITMX_M0_DAMP_P_IN1_DQ.pdf>]
(./H1:HPI-ITMY_L4CINF_H4_IN1_DQ_SNR.pdf_tex
<H1:HPI-ITMY_L4CINF_H4_IN1_DQ_SNR.pdf, id=227, page=1, 1096.095pt x 616.70403pt
>
File: H1:HPI-ITMY_L4CINF_H4_IN1_DQ_SNR.pdf Graphic file (type pdf)
 <use H1:HPI-ITMY_L4CINF_H4_IN1_DQ_SNR.pdf, page 1>
Package pdftex.def Info: H1:HPI-ITMY_L4CINF_H4_IN1_DQ_SNR.pdf, page1 used on in
put line 52.
(pdftex.def)             Requested size: 548.04749pt x 308.35126pt.

<H1:HPI-ITMY_L4CINF_H4_IN1_DQ_SNR.pdf, id=228, page=2, 1096.095pt x 616.70403pt
>
File: H1:HPI-ITMY_L4CINF_H4_IN1_DQ_SNR.pdf Graphic file (type pdf)
 <use H1:HPI-ITMY_L4CINF_H4_IN1_DQ_SNR.pdf, page 2>
Package pdftex.def Info: H1:HPI-ITMY_L4CINF_H4_IN1_DQ_SNR.pdf, page2 used on in
put line 54.
(pdftex.def)             Requested size: 548.04749pt x 308.35126pt.

<H1:HPI-ITMY_L4CINF_H4_IN1_DQ_SNR.pdf, id=229, page=3, 1096.095pt x 616.70403pt
>
File: H1:HPI-ITMY_L4CINF_H4_IN1_DQ_SNR.pdf Graphic file (type pdf)
 <use H1:HPI-ITMY_L4CINF_H4_IN1_DQ_SNR.pdf, page 3>
Package pdftex.def Info: H1:HPI-ITMY_L4CINF_H4_IN1_DQ_SNR.pdf, page3 used on in
put line 66.
(pdftex.def)             Requested size: 548.04749pt x 308.35126pt.

<H1:HPI-ITMY_L4CINF_H4_IN1_DQ_SNR.pdf, id=230, page=4, 1096.095pt x 616.70403pt
>
File: H1:HPI-ITMY_L4CINF_H4_IN1_DQ_SNR.pdf Graphic file (type pdf)
 <use H1:HPI-ITMY_L4CINF_H4_IN1_DQ_SNR.pdf, page 4>
Package pdftex.def Info: H1:HPI-ITMY_L4CINF_H4_IN1_DQ_SNR.pdf, page4 used on in
put line 79.
(pdftex.def)             Requested size: 548.04749pt x 308.35126pt.

<H1:HPI-ITMY_L4CINF_H4_IN1_DQ_SNR.pdf, id=231, page=5, 1096.095pt x 616.70403pt
>
File: H1:HPI-ITMY_L4CINF_H4_IN1_DQ_SNR.pdf Graphic file (type pdf)
 <use H1:HPI-ITMY_L4CINF_H4_IN1_DQ_SNR.pdf, page 5>
Package pdftex.def Info: H1:HPI-ITMY_L4CINF_H4_IN1_DQ_SNR.pdf, page5 used on in
put line 81.
(pdftex.def)             Requested size: 548.04749pt x 308.35126pt.
)
Overfull \hbox (78.29247pt too wide) in paragraph at lines 82--142
 [][] 
 []


Underfull \vbox (badness 10000) has occurred while \output is active []


Overfull \vbox (7.73332pt too high) has occurred while \output is active []


[11 <./L1:ISI-ETMX_ST1_FF01_X_IN1_DQ.pdf>]
Underfull \vbox (badness 10000) has occurred while \output is active []


Overfull \vbox (7.73332pt too high) has occurred while \output is active []


[12 <./L1:ISI-ETMY_ST1_ISO_RY_IN1_DQ.pdf>] (./H1:LSC-DARM_IN1_DQ.pdf_tex
<H1:LSC-DARM_IN1_DQ.pdf, id=255, 1096.095pt x 616.70403pt>
File: H1:LSC-DARM_IN1_DQ.pdf Graphic file (type pdf)

<use H1:LSC-DARM_IN1_DQ.pdf>
Package pdftex.def Info: H1:LSC-DARM_IN1_DQ.pdf used on input line 52.
(pdftex.def)             Requested size: 548.04749pt x 308.35126pt.
)
Overfull \hbox (78.29247pt too wide) in paragraph at lines 80--153
 [][] 
 []

(./L1:ISI-ETMY_ST1_BLND_RZ_L4C_CUR_IN1_DQ.pdf_tex
<L1:ISI-ETMY_ST1_BLND_RZ_L4C_CUR_IN1_DQ.pdf, id=256, 1096.095pt x 616.70403pt>
File: L1:ISI-ETMY_ST1_BLND_RZ_L4C_CUR_IN1_DQ.pdf Graphic file (type pdf)

<use L1:ISI-ETMY_ST1_BLND_RZ_L4C_CUR_IN1_DQ.pdf>
Package pdftex.def Info: L1:ISI-ETMY_ST1_BLND_RZ_L4C_CUR_IN1_DQ.pdf used on inp
ut line 52.
(pdftex.def)             Requested size: 548.04749pt x 308.35126pt.
)
Overfull \hbox (78.29247pt too wide) in paragraph at lines 78--163
 [][] 
 []


Underfull \vbox (badness 10000) has occurred while \output is active []


Overfull \vbox (7.73332pt too high) has occurred while \output is active []


[13 <./H1:HPI-ITMY_L4CINF_H4_IN1_DQ_SNR.pdf> <./H1:HPI-ITMY_L4CINF_H4_IN1_DQ_SN
R.pdf

pdfTeX warning: /usr/bin/pdflatex (file ./H1:HPI-ITMY_L4CINF_H4_IN1_DQ_SNR.pdf)
: PDF inclusion: multiple pdfs with page group included in a single page
> <./H1:HPI-ITMY_L4CINF_H4_IN1_DQ_SNR.pdf

pdfTeX warning: /usr/bin/pdflatex (file ./H1:HPI-ITMY_L4CINF_H4_IN1_DQ_SNR.pdf)
: PDF inclusion: multiple pdfs with page group included in a single page
> <./H1:HPI-ITMY_L4CINF_H4_IN1_DQ_SNR.pdf

pdfTeX warning: /usr/bin/pdflatex (file ./H1:HPI-ITMY_L4CINF_H4_IN1_DQ_SNR.pdf)
: PDF inclusion: multiple pdfs with page group included in a single page
> <./H1:HPI-ITMY_L4CINF_H4_IN1_DQ_SNR.pdf

pdfTeX warning: /usr/bin/pdflatex (file ./H1:HPI-ITMY_L4CINF_H4_IN1_DQ_SNR.pdf)
: PDF inclusion: multiple pdfs with page group included in a single page
>]
Underfull \vbox (badness 10000) has occurred while \output is active []


Overfull \vbox (7.73332pt too high) has occurred while \output is active []


[14 <./H1:LSC-DARM_IN1_DQ.pdf>] (./H1:SUS-ETMX_M0_LOCK_P_IN1_DQ.pdf_tex
<H1:SUS-ETMX_M0_LOCK_P_IN1_DQ.pdf, id=278, 1096.095pt x 616.70403pt>
File: H1:SUS-ETMX_M0_LOCK_P_IN1_DQ.pdf Graphic file (type pdf)

<use H1:SUS-ETMX_M0_LOCK_P_IN1_DQ.pdf>
Package pdftex.def Info: H1:SUS-ETMX_M0_LOCK_P_IN1_DQ.pdf used on input line 52
.
(pdftex.def)             Requested size: 548.04749pt x 308.35126pt.
)
Overfull \hbox (78.29247pt too wide) in paragraph at lines 78--175
 [][] 
 []

(./L1:ISI-ETMX_ST1_T240INF_Z3_IN1_DQ.pdf_tex
<L1:ISI-ETMX_ST1_T240INF_Z3_IN1_DQ.pdf, id=279, 1096.095pt x 616.70403pt>
File: L1:ISI-ETMX_ST1_T240INF_Z3_IN1_DQ.pdf Graphic file (type pdf)

<use L1:ISI-ETMX_ST1_T240INF_Z3_IN1_DQ.pdf>
Package pdftex.def Info: L1:ISI-ETMX_ST1_T240INF_Z3_IN1_DQ.pdf used on input li
ne 52.
(pdftex.def)             Requested size: 548.04749pt x 308.35126pt.
)
Overfull \hbox (78.29247pt too wide) in paragraph at lines 76--185
 [][] 
 []


Underfull \vbox (badness 10000) has occurred while \output is active []


Overfull \vbox (7.73332pt too high) has occurred while \output is active []


[15 <./L1:ISI-ETMY_ST1_BLND_RZ_L4C_CUR_IN1_DQ.pdf>]
Underfull \vbox (badness 10000) has occurred while \output is active []


Overfull \vbox (7.73332pt too high) has occurred while \output is active []


[16 <./H1:SUS-ETMX_M0_LOCK_P_IN1_DQ.pdf>]
(./H1:HPI-HAM4_BLND_L4C_RX_IN1_DQ.pdf_tex
<H1:HPI-HAM4_BLND_L4C_RX_IN1_DQ.pdf, id=305, 1096.095pt x 616.70403pt>
File: H1:HPI-HAM4_BLND_L4C_RX_IN1_DQ.pdf Graphic file (type pdf)

<use H1:HPI-HAM4_BLND_L4C_RX_IN1_DQ.pdf>
Package pdftex.def Info: H1:HPI-HAM4_BLND_L4C_RX_IN1_DQ.pdf used on input line 
52.
(pdftex.def)             Requested size: 548.04749pt x 308.35126pt.
)
Overfull \hbox (78.29247pt too wide) in paragraph at lines 76--196
 [][] 
 []

(./L1:HPI-BS_BLND_L4C_HP_IN1_DQ.pdf_tex
<L1:HPI-BS_BLND_L4C_HP_IN1_DQ.pdf, id=306, 1096.095pt x 616.70403pt>
File: L1:HPI-BS_BLND_L4C_HP_IN1_DQ.pdf Graphic file (type pdf)

<use L1:HPI-BS_BLND_L4C_HP_IN1_DQ.pdf>
Package pdftex.def Info: L1:HPI-BS_BLND_L4C_HP_IN1_DQ.pdf used on input line 52
.
(pdftex.def)             Requested size: 548.04749pt x 308.35126pt.
)
Overfull \hbox (78.29247pt too wide) in paragraph at lines 76--206
 [][] 
 []


Underfull \vbox (badness 10000) has occurred while \output is active []


Overfull \vbox (7.73332pt too high) has occurred while \output is active []


[17 <./L1:ISI-ETMX_ST1_T240INF_Z3_IN1_DQ.pdf>]
(./H1:SUS-ETMX_L3_LOCK_L_IN1_DQ.pdf_tex
<H1:SUS-ETMX_L3_LOCK_L_IN1_DQ.pdf, id=319, 1096.095pt x 616.70403pt>
File: H1:SUS-ETMX_L3_LOCK_L_IN1_DQ.pdf Graphic file (type pdf)

<use H1:SUS-ETMX_L3_LOCK_L_IN1_DQ.pdf>
Package pdftex.def Info: H1:SUS-ETMX_L3_LOCK_L_IN1_DQ.pdf used on input line 52
.
(pdftex.def)             Requested size: 548.04749pt x 308.35126pt.
)
Overfull \hbox (78.29247pt too wide) in paragraph at lines 80--216
 [][] 
 []


Underfull \vbox (badness 10000) has occurred while \output is active []


Overfull \vbox (7.73332pt too high) has occurred while \output is active []


[18 <./H1:HPI-HAM4_BLND_L4C_RX_IN1_DQ.pdf>]
Underfull \vbox (badness 10000) has occurred while \output is active []


Overfull \vbox (7.73332pt too high) has occurred while \output is active []


[19 <./L1:HPI-BS_BLND_L4C_HP_IN1_DQ.pdf>]
(./H1:HPI-HAM2_BLND_IPS_X_IN1_DQ.pdf_tex
<H1:HPI-HAM2_BLND_IPS_X_IN1_DQ.pdf, id=341, page=1, 1096.095pt x 616.70403pt>
File: H1:HPI-HAM2_BLND_IPS_X_IN1_DQ.pdf Graphic file (type pdf)

<use H1:HPI-HAM2_BLND_IPS_X_IN1_DQ.pdf, page 1>
Package pdftex.def Info: H1:HPI-HAM2_BLND_IPS_X_IN1_DQ.pdf, page1 used on input
 line 52.
(pdftex.def)             Requested size: 548.04749pt x 308.35126pt.

<H1:HPI-HAM2_BLND_IPS_X_IN1_DQ.pdf, id=342, page=2, 1096.095pt x 616.70403pt>
File: H1:HPI-HAM2_BLND_IPS_X_IN1_DQ.pdf Graphic file (type pdf)

<use H1:HPI-HAM2_BLND_IPS_X_IN1_DQ.pdf, page 2>
Package pdftex.def Info: H1:HPI-HAM2_BLND_IPS_X_IN1_DQ.pdf, page2 used on input
 line 54.
(pdftex.def)             Requested size: 548.04749pt x 308.35126pt.

<H1:HPI-HAM2_BLND_IPS_X_IN1_DQ.pdf, id=343, page=3, 1096.095pt x 616.70403pt>
File: H1:HPI-HAM2_BLND_IPS_X_IN1_DQ.pdf Graphic file (type pdf)

<use H1:HPI-HAM2_BLND_IPS_X_IN1_DQ.pdf, page 3>
Package pdftex.def Info: H1:HPI-HAM2_BLND_IPS_X_IN1_DQ.pdf, page3 used on input
 line 63.
(pdftex.def)             Requested size: 548.04749pt x 308.35126pt.

<H1:HPI-HAM2_BLND_IPS_X_IN1_DQ.pdf, id=344, page=4, 1096.095pt x 616.70403pt>
File: H1:HPI-HAM2_BLND_IPS_X_IN1_DQ.pdf Graphic file (type pdf)

<use H1:HPI-HAM2_BLND_IPS_X_IN1_DQ.pdf, page 4>
Package pdftex.def Info: H1:HPI-HAM2_BLND_IPS_X_IN1_DQ.pdf, page4 used on input
 line 65.
(pdftex.def)             Requested size: 548.04749pt x 308.35126pt.

<H1:HPI-HAM2_BLND_IPS_X_IN1_DQ.pdf, id=345, page=5, 1096.095pt x 616.70403pt>
File: H1:HPI-HAM2_BLND_IPS_X_IN1_DQ.pdf Graphic file (type pdf)

<use H1:HPI-HAM2_BLND_IPS_X_IN1_DQ.pdf, page 5>
Package pdftex.def Info: H1:HPI-HAM2_BLND_IPS_X_IN1_DQ.pdf, page5 used on input
 line 74.
(pdftex.def)             Requested size: 548.04749pt x 308.35126pt.

<H1:HPI-HAM2_BLND_IPS_X_IN1_DQ.pdf, id=346, page=6, 1096.095pt x 616.70403pt>
File: H1:HPI-HAM2_BLND_IPS_X_IN1_DQ.pdf Graphic file (type pdf)

<use H1:HPI-HAM2_BLND_IPS_X_IN1_DQ.pdf, page 6>
Package pdftex.def Info: H1:HPI-HAM2_BLND_IPS_X_IN1_DQ.pdf, page6 used on input
 line 76.
(pdftex.def)             Requested size: 548.04749pt x 308.35126pt.

<H1:HPI-HAM2_BLND_IPS_X_IN1_DQ.pdf, id=347, page=7, 1096.095pt x 616.70403pt>
File: H1:HPI-HAM2_BLND_IPS_X_IN1_DQ.pdf Graphic file (type pdf)

<use H1:HPI-HAM2_BLND_IPS_X_IN1_DQ.pdf, page 7>
Package pdftex.def Info: H1:HPI-HAM2_BLND_IPS_X_IN1_DQ.pdf, page7 used on input
 line 78.
(pdftex.def)             Requested size: 548.04749pt x 308.35126pt.

<H1:HPI-HAM2_BLND_IPS_X_IN1_DQ.pdf, id=348, page=8, 1096.095pt x 616.70403pt>
File: H1:HPI-HAM2_BLND_IPS_X_IN1_DQ.pdf Graphic file (type pdf)

<use H1:HPI-HAM2_BLND_IPS_X_IN1_DQ.pdf, page 8>
Package pdftex.def Info: H1:HPI-HAM2_BLND_IPS_X_IN1_DQ.pdf, page8 used on input
 line 80.
(pdftex.def)             Requested size: 548.04749pt x 308.35126pt.

<H1:HPI-HAM2_BLND_IPS_X_IN1_DQ.pdf, id=349, page=9, 1096.095pt x 616.70403pt>
File: H1:HPI-HAM2_BLND_IPS_X_IN1_DQ.pdf Graphic file (type pdf)

<use H1:HPI-HAM2_BLND_IPS_X_IN1_DQ.pdf, page 9>
Package pdftex.def Info: H1:HPI-HAM2_BLND_IPS_X_IN1_DQ.pdf, page9 used on input
 line 82.
(pdftex.def)             Requested size: 548.04749pt x 308.35126pt.

<H1:HPI-HAM2_BLND_IPS_X_IN1_DQ.pdf, id=350, page=10, 1096.095pt x 616.70403pt>
File: H1:HPI-HAM2_BLND_IPS_X_IN1_DQ.pdf Graphic file (type pdf)

<use H1:HPI-HAM2_BLND_IPS_X_IN1_DQ.pdf, page 10>
Package pdftex.def Info: H1:HPI-HAM2_BLND_IPS_X_IN1_DQ.pdf, page10 used on inpu
t line 84.
(pdftex.def)             Requested size: 548.04749pt x 308.35126pt.
)
Overfull \hbox (78.29247pt too wide) in paragraph at lines 85--229
 [][] 
 []


Underfull \vbox (badness 10000) has occurred while \output is active []


Overfull \vbox (7.73332pt too high) has occurred while \output is active []


[20 <./H1:SUS-ETMX_L3_LOCK_L_IN1_DQ.pdf>]
Underfull \vbox (badness 10000) has occurred while \output is active []


Overfull \vbox (7.73332pt too high) has occurred while \output is active []


[21 <./H1:HPI-HAM2_BLND_IPS_X_IN1_DQ.pdf> <./H1:HPI-HAM2_BLND_IPS_X_IN1_DQ.pdf

pdfTeX warning: /usr/bin/pdflatex (file ./H1:HPI-HAM2_BLND_IPS_X_IN1_DQ.pdf): P
DF inclusion: multiple pdfs with page group included in a single page
> <./H1:HPI-HAM2_BLND_IPS_X_IN1_DQ.pdf

pdfTeX warning: /usr/bin/pdflatex (file ./H1:HPI-HAM2_BLND_IPS_X_IN1_DQ.pdf): P
DF inclusion: multiple pdfs with page group included in a single page
> <./H1:HPI-HAM2_BLND_IPS_X_IN1_DQ.pdf

pdfTeX warning: /usr/bin/pdflatex (file ./H1:HPI-HAM2_BLND_IPS_X_IN1_DQ.pdf): P
DF inclusion: multiple pdfs with page group included in a single page
> <./H1:HPI-HAM2_BLND_IPS_X_IN1_DQ.pdf

pdfTeX warning: /usr/bin/pdflatex (file ./H1:HPI-HAM2_BLND_IPS_X_IN1_DQ.pdf): P
DF inclusion: multiple pdfs with page group included in a single page
> <./H1:HPI-HAM2_BLND_IPS_X_IN1_DQ.pdf

pdfTeX warning: /usr/bin/pdflatex (file ./H1:HPI-HAM2_BLND_IPS_X_IN1_DQ.pdf): P
DF inclusion: multiple pdfs with page group included in a single page
> <./H1:HPI-HAM2_BLND_IPS_X_IN1_DQ.pdf

pdfTeX warning: /usr/bin/pdflatex (file ./H1:HPI-HAM2_BLND_IPS_X_IN1_DQ.pdf): P
DF inclusion: multiple pdfs with page group included in a single page
> <./H1:HPI-HAM2_BLND_IPS_X_IN1_DQ.pdf

pdfTeX warning: /usr/bin/pdflatex (file ./H1:HPI-HAM2_BLND_IPS_X_IN1_DQ.pdf): P
DF inclusion: multiple pdfs with page group included in a single page
> <./H1:HPI-HAM2_BLND_IPS_X_IN1_DQ.pdf

pdfTeX warning: /usr/bin/pdflatex (file ./H1:HPI-HAM2_BLND_IPS_X_IN1_DQ.pdf): P
DF inclusion: multiple pdfs with page group included in a single page
> <./H1:HPI-HAM2_BLND_IPS_X_IN1_DQ.pdf

pdfTeX warning: /usr/bin/pdflatex (file ./H1:HPI-HAM2_BLND_IPS_X_IN1_DQ.pdf): P
DF inclusion: multiple pdfs with page group included in a single page
>]
Underfull \vbox (badness 10000) has occurred while \output is active []


Overfull \vbox (7.73332pt too high) has occurred while \output is active []


[22]
Missing character: There is no â in font cmr12!
Missing character: There is no € in font cmr12!
Missing character: There is no “ in font cmr12!

Underfull \hbox (badness 2503) in paragraph at lines 267--268
[]\OT1/cmr/m/n/12 Denis Mar-tynov, \OT1/cmr/m/it/12 Check-ing Dig-i-tal Sys-tem
 [][]$\OT1/cmtt/m/n/12 http : / / github . com / denismartynov /
 []


Underfull \hbox (badness 10000) in paragraph at lines 269--270
[]\OT1/cmr/m/n/12 Ben Bar-rowes \OT1/cmr/m/it/12 Mul-ti-ple Pre-ci-sion Tool-bo
x [][]$\OT1/cmtt/m/n/12 http : / / www . mathworks . com /
 []


Underfull \hbox (badness 10000) in paragraph at lines 271--272
[]\OT1/cmr/m/n/12 John Zweizig, [][]$\OT1/cmtt/m/n/12 https : / / www . lsc-[]g
roup . phys . uwm . edu / daswg / projects /
 []


Underfull \vbox (badness 10000) has occurred while \output is active []


Overfull \vbox (7.73332pt too high) has occurred while \output is active []


[23]
Underfull \hbox (badness 10000) in paragraph at lines 273--274
[]\OT1/cmr/m/n/12 Ayush Pandey, \OT1/cmr/m/it/12 A com-plete col-lec-tion of al
l plots for all dig-i-tal fil-ters
 []


Underfull \hbox (badness 10000) in paragraph at lines 273--274
\OT1/cmr/m/it/12 at Han-ford and Liv-ingston [][]$\OT1/cmtt/m/n/12 https : / / 
drive . google . com / folderview ? id =
 []


Overfull \hbox (5.17273pt too wide) in paragraph at lines 273--274
\OT1/cmtt/m/n/12 0BzjRW8WwGjzJfkE3cVFzczJVU0JpSkZUTm1DR0dpWF9BWFlNVTh3VGg3UG93d
HRLTURPZWs &
 []

Package atveryend Info: Empty hook `BeforeClearDocument' on input line 277.

Underfull \vbox (badness 10000) has occurred while \output is active []


Overfull \vbox (7.73332pt too high) has occurred while \output is active []


[24]
Package atveryend Info: Empty hook `AfterLastShipout' on input line 277.
 (./Progress_Report_II.aux)
Package atveryend Info: Executing hook `AtVeryEndDocument' on input line 277.
Package atveryend Info: Executing hook `AtEndAfterFileList' on input line 277.
Package rerunfilecheck Info: File `Progress_Report_II.out' has not changed.
(rerunfilecheck)             Checksum: 25821C421D22353A4EB6BF4C38F69752;1803.


LaTeX Font Warning: Size substitutions with differences
(Font)              up to 1.26pt have occurred.

Package atveryend Info: Empty hook `AtVeryVeryEnd' on input line 277.
 ) 
Here is how much of TeX's memory you used:
 9028 strings out of 493304
 135124 string characters out of 6139871
 234841 words of memory out of 5000000
 12203 multiletter control sequences out of 15000+600000
 11235 words of font info for 44 fonts, out of 8000000 for 9000
 957 hyphenation exceptions out of 8191
 68i,11n,98p,1782b,487s stack positions out of 5000i,500n,10000p,200000b,80000s
</usr/share/texlive/texmf-dist/fonts/type1/public/amsfonts/cm/cmbx12.pfb></us
r/share/texlive/texmf-dist/fonts/type1/public/amsfonts/cm/cmmi12.pfb></usr/shar
e/texlive/texmf-dist/fonts/type1/public/amsfonts/cm/cmr12.pfb></usr/share/texli
ve/texmf-dist/fonts/type1/public/amsfonts/cm/cmr6.pfb></usr/share/texlive/texmf
-dist/fonts/type1/public/amsfonts/cm/cmr8.pfb></usr/share/texlive/texmf-dist/fo
nts/type1/public/amsfonts/cm/cmsy10.pfb></usr/share/texlive/texmf-dist/fonts/ty
pe1/public/amsfonts/cm/cmsy8.pfb></usr/share/texlive/texmf-dist/fonts/type1/pub
lic/amsfonts/cm/cmti12.pfb></usr/share/texlive/texmf-dist/fonts/type1/public/am
sfonts/cm/cmtt12.pfb>
Output written on Progress_Report_II.pdf (25 pages, 2806448 bytes).
PDF statistics:
 476 PDF objects out of 1000 (max. 8388607)
 397 compressed objects within 4 object streams
 109 named destinations out of 1000 (max. 500000)
 307 words of extra memory for PDF output out of 10000 (max. 10000000)

