\BOOKMARK [1][-]{section.1}{What is Quantization}{}% 1
\BOOKMARK [2][-]{subsection.1.1}{Examples}{section.1}% 2
\BOOKMARK [1][-]{section.2}{Modeling Quantization Noise}{}% 3
\BOOKMARK [2][-]{subsection.2.1}{Quantizing Theorem I and II}{section.2}% 4
\BOOKMARK [2][-]{subsection.2.2}{PQN Model: Additive Noise Approximation}{section.2}% 5
\BOOKMARK [2][-]{subsection.2.3}{Assumptions}{section.2}% 6
\BOOKMARK [1][-]{section.3}{Noise Sources}{}% 7
\BOOKMARK [2][-]{subsection.3.1}{Analog to Digital Controller}{section.3}% 8
\BOOKMARK [2][-]{subsection.3.2}{Digital Filters}{section.3}% 9
\BOOKMARK [2][-]{subsection.3.3}{Digital to Analog Converter}{section.3}% 10
\BOOKMARK [1][-]{section.4}{Noise Estimation}{}% 11
\BOOKMARK [1][-]{section.5}{Noise Analysis}{}% 12
\BOOKMARK [2][-]{subsection.5.1}{Digital Filter Noise Analysis}{section.5}% 13
\BOOKMARK [2][-]{subsection.5.2}{Noise Analysis in Frequency Domain}{section.5}% 14
\BOOKMARK [1][-]{section.6}{LIGO and Quantization Noise}{}% 15
\BOOKMARK [1][-]{section.7}{Advanced LIGO}{}% 16
\BOOKMARK [2][-]{subsection.7.1}{Digital Filters}{section.7}% 17
\BOOKMARK [2][-]{subsection.7.2}{DAC}{section.7}% 18
\BOOKMARK [1][-]{section.8}{Part I: Filter Noise}{}% 19
\BOOKMARK [2][-]{subsection.8.1}{Estimation}{section.8}% 20
\BOOKMARK [2][-]{subsection.8.2}{Analysis}{section.8}% 21
\BOOKMARK [2][-]{subsection.8.3}{Results}{section.8}% 22
\BOOKMARK [1][-]{section.9}{Limitations}{}% 23
\BOOKMARK [1][-]{section.10}{Part II : DAC Noise}{}% 24
\BOOKMARK [2][-]{subsection.10.1}{Estimation and Analysis}{section.10}% 25
\BOOKMARK [2][-]{subsection.10.2}{Results}{section.10}% 26
\BOOKMARK [2][-]{subsection.10.3}{DAC denoising Techniques}{section.10}% 27
\BOOKMARK [1][-]{section.11}{Noise Shaping}{}% 28
\BOOKMARK [2][-]{subsection.11.1}{Algorithm}{section.11}% 29
\BOOKMARK [2][-]{subsection.11.2}{Generalized Noise Shaping Algorithm for aLIGO DAC}{section.11}% 30
\BOOKMARK [2][-]{subsection.11.3}{Applications}{section.11}% 31
\BOOKMARK [2][-]{subsection.11.4}{Simulation}{section.11}% 32
\BOOKMARK [1][-]{section.12}{Conclusions and Future Work}{}% 33
\BOOKMARK [2][-]{subsection.12.1}{Part I: Digital Filters}{section.12}% 34
\BOOKMARK [2][-]{subsection.12.2}{Part II: DAC}{section.12}% 35
