This is pdfTeX, Version 3.1415926-2.5-1.40.14 (TeX Live 2013/Debian) (format=pdflatex 2015.4.26)  24 SEP 2015 19:06
entering extended mode
 \write18 enabled.
 %&-line parsing enabled.
**final_report.tex
(./final_report.tex
LaTeX2e <2011/06/27>
Babel <3.9h> and hyphenation patterns for 78 languages loaded.
(./ligodoc.cls
Document Class: ligodoc 2006/07/17 LIGO document class
(/usr/share/texlive/texmf-dist/tex/latex/base/article.cls
Document Class: article 2007/10/19 v1.4h Standard LaTeX document class
(/usr/share/texlive/texmf-dist/tex/latex/base/size12.clo
File: size12.clo 2007/10/19 v1.4h Standard LaTeX file (size option)
)
\c@part=\count79
\c@section=\count80
\c@subsection=\count81
\c@subsubsection=\count82
\c@paragraph=\count83
\c@subparagraph=\count84
\c@figure=\count85
\c@table=\count86
\abovecaptionskip=\skip41
\belowcaptionskip=\skip42
\bibindent=\dimen102
)
(/usr/share/texlive/texmf-dist/tex/latex/base/latexsym.sty
Package: latexsym 1998/08/17 v2.2e Standard LaTeX package (lasy symbols)
\symlasy=\mathgroup4
LaTeX Font Info:    Overwriting symbol font `lasy' in version `bold'
(Font)                  U/lasy/m/n --> U/lasy/b/n on input line 47.
)
(/usr/share/texlive/texmf-dist/tex/latex/amsmath/amsmath.sty
Package: amsmath 2013/01/14 v2.14 AMS math features
\@mathmargin=\skip43

For additional information on amsmath, use the `?' option.
(/usr/share/texlive/texmf-dist/tex/latex/amsmath/amstext.sty
Package: amstext 2000/06/29 v2.01

(/usr/share/texlive/texmf-dist/tex/latex/amsmath/amsgen.sty
File: amsgen.sty 1999/11/30 v2.0
\@emptytoks=\toks14
\ex@=\dimen103
))
(/usr/share/texlive/texmf-dist/tex/latex/amsmath/amsbsy.sty
Package: amsbsy 1999/11/29 v1.2d
\pmbraise@=\dimen104
)
(/usr/share/texlive/texmf-dist/tex/latex/amsmath/amsopn.sty
Package: amsopn 1999/12/14 v2.01 operator names
)
\inf@bad=\count87
LaTeX Info: Redefining \frac on input line 210.
\uproot@=\count88
\leftroot@=\count89
LaTeX Info: Redefining \overline on input line 306.
\classnum@=\count90
\DOTSCASE@=\count91
LaTeX Info: Redefining \ldots on input line 378.
LaTeX Info: Redefining \dots on input line 381.
LaTeX Info: Redefining \cdots on input line 466.
\Mathstrutbox@=\box26
\strutbox@=\box27
\big@size=\dimen105
LaTeX Font Info:    Redeclaring font encoding OML on input line 566.
LaTeX Font Info:    Redeclaring font encoding OMS on input line 567.
\macc@depth=\count92
\c@MaxMatrixCols=\count93
\dotsspace@=\muskip10
\c@parentequation=\count94
\dspbrk@lvl=\count95
\tag@help=\toks15
\row@=\count96
\column@=\count97
\maxfields@=\count98
\andhelp@=\toks16
\eqnshift@=\dimen106
\alignsep@=\dimen107
\tagshift@=\dimen108
\tagwidth@=\dimen109
\totwidth@=\dimen110
\lineht@=\dimen111
\@envbody=\toks17
\multlinegap=\skip44
\multlinetaggap=\skip45
\mathdisplay@stack=\toks18
LaTeX Info: Redefining \[ on input line 2665.
LaTeX Info: Redefining \] on input line 2666.
)
(/usr/share/texlive/texmf-dist/tex/latex/amsfonts/amsfonts.sty
Package: amsfonts 2013/01/14 v3.01 Basic AMSFonts support
\symAMSa=\mathgroup5
\symAMSb=\mathgroup6
LaTeX Font Info:    Overwriting math alphabet `\mathfrak' in version `bold'
(Font)                  U/euf/m/n --> U/euf/b/n on input line 106.
)
(/usr/share/texlive/texmf-dist/tex/latex/amsfonts/amssymb.sty
Package: amssymb 2013/01/14 v3.01 AMS font symbols
)
(/usr/share/texlive/texmf-dist/tex/latex/graphics/graphicx.sty
Package: graphicx 1999/02/16 v1.0f Enhanced LaTeX Graphics (DPC,SPQR)

(/usr/share/texlive/texmf-dist/tex/latex/graphics/keyval.sty
Package: keyval 1999/03/16 v1.13 key=value parser (DPC)
\KV@toks@=\toks19
)
(/usr/share/texlive/texmf-dist/tex/latex/graphics/graphics.sty
Package: graphics 2009/02/05 v1.0o Standard LaTeX Graphics (DPC,SPQR)

(/usr/share/texlive/texmf-dist/tex/latex/graphics/trig.sty
Package: trig 1999/03/16 v1.09 sin cos tan (DPC)
)
(/usr/share/texlive/texmf-dist/tex/latex/latexconfig/graphics.cfg
File: graphics.cfg 2010/04/23 v1.9 graphics configuration of TeX Live
)
Package graphics Info: Driver file: pdftex.def on input line 91.

(/usr/share/texlive/texmf-dist/tex/latex/pdftex-def/pdftex.def
File: pdftex.def 2011/05/27 v0.06d Graphics/color for pdfTeX

(/usr/share/texlive/texmf-dist/tex/generic/oberdiek/infwarerr.sty
Package: infwarerr 2010/04/08 v1.3 Providing info/warning/error messages (HO)
)
(/usr/share/texlive/texmf-dist/tex/generic/oberdiek/ltxcmds.sty
Package: ltxcmds 2011/11/09 v1.22 LaTeX kernel commands for general use (HO)
)
\Gread@gobject=\count99
))
\Gin@req@height=\dimen112
\Gin@req@width=\dimen113
)
(/usr/share/texlive/texmf-dist/tex/latex/graphics/color.sty
Package: color 2005/11/14 v1.0j Standard LaTeX Color (DPC)

(/usr/share/texlive/texmf-dist/tex/latex/latexconfig/color.cfg
File: color.cfg 2007/01/18 v1.5 color configuration of teTeX/TeXLive
)
Package color Info: Driver file: pdftex.def on input line 130.

(/usr/share/texlive/texmf-dist/tex/latex/graphics/dvipsnam.def
File: dvipsnam.def 1999/02/16 v3.0i Driver-dependant file (DPC,SPQR)
))
(/usr/share/texlive/texmf-dist/tex/latex/hyperref/hyperref.sty
Package: hyperref 2012/11/06 v6.83m Hypertext links for LaTeX

(/usr/share/texlive/texmf-dist/tex/generic/oberdiek/hobsub-hyperref.sty
Package: hobsub-hyperref 2012/05/28 v1.13 Bundle oberdiek, subset hyperref (HO)


(/usr/share/texlive/texmf-dist/tex/generic/oberdiek/hobsub-generic.sty
Package: hobsub-generic 2012/05/28 v1.13 Bundle oberdiek, subset generic (HO)
Package: hobsub 2012/05/28 v1.13 Construct package bundles (HO)
Package hobsub Info: Skipping package `infwarerr' (already loaded).
Package hobsub Info: Skipping package `ltxcmds' (already loaded).
Package: ifluatex 2010/03/01 v1.3 Provides the ifluatex switch (HO)
Package ifluatex Info: LuaTeX not detected.
Package: ifvtex 2010/03/01 v1.5 Detect VTeX and its facilities (HO)
Package ifvtex Info: VTeX not detected.
Package: intcalc 2007/09/27 v1.1 Expandable calculations with integers (HO)
Package: ifpdf 2011/01/30 v2.3 Provides the ifpdf switch (HO)
Package ifpdf Info: pdfTeX in PDF mode is detected.
Package: etexcmds 2011/02/16 v1.5 Avoid name clashes with e-TeX commands (HO)
Package etexcmds Info: Could not find \expanded.
(etexcmds)             That can mean that you are not using pdfTeX 1.50 or
(etexcmds)             that some package has redefined \expanded.
(etexcmds)             In the latter case, load this package earlier.
Package: kvsetkeys 2012/04/25 v1.16 Key value parser (HO)
Package: kvdefinekeys 2011/04/07 v1.3 Define keys (HO)
Package: pdftexcmds 2011/11/29 v0.20 Utility functions of pdfTeX for LuaTeX (HO
)
Package pdftexcmds Info: LuaTeX not detected.
Package pdftexcmds Info: \pdf@primitive is available.
Package pdftexcmds Info: \pdf@ifprimitive is available.
Package pdftexcmds Info: \pdfdraftmode found.
Package: pdfescape 2011/11/25 v1.13 Implements pdfTeX's escape features (HO)
Package: bigintcalc 2012/04/08 v1.3 Expandable calculations on big integers (HO
)
Package: bitset 2011/01/30 v1.1 Handle bit-vector datatype (HO)
Package: uniquecounter 2011/01/30 v1.2 Provide unlimited unique counter (HO)
)
Package hobsub Info: Skipping package `hobsub' (already loaded).
Package: letltxmacro 2010/09/02 v1.4 Let assignment for LaTeX macros (HO)
Package: hopatch 2012/05/28 v1.2 Wrapper for package hooks (HO)
Package: xcolor-patch 2011/01/30 xcolor patch
Package: atveryend 2011/06/30 v1.8 Hooks at the very end of document (HO)
Package atveryend Info: \enddocument detected (standard20110627).
Package: atbegshi 2011/10/05 v1.16 At begin shipout hook (HO)
Package: refcount 2011/10/16 v3.4 Data extraction from label references (HO)
Package: hycolor 2011/01/30 v1.7 Color options for hyperref/bookmark (HO)
)
(/usr/share/texlive/texmf-dist/tex/generic/ifxetex/ifxetex.sty
Package: ifxetex 2010/09/12 v0.6 Provides ifxetex conditional
)
(/usr/share/texlive/texmf-dist/tex/latex/oberdiek/auxhook.sty
Package: auxhook 2011/03/04 v1.3 Hooks for auxiliary files (HO)
)
(/usr/share/texlive/texmf-dist/tex/latex/oberdiek/kvoptions.sty
Package: kvoptions 2011/06/30 v3.11 Key value format for package options (HO)
)
\@linkdim=\dimen114
\Hy@linkcounter=\count100
\Hy@pagecounter=\count101

(/usr/share/texlive/texmf-dist/tex/latex/hyperref/pd1enc.def
File: pd1enc.def 2012/11/06 v6.83m Hyperref: PDFDocEncoding definition (HO)
)
\Hy@SavedSpaceFactor=\count102

(/usr/share/texlive/texmf-dist/tex/latex/latexconfig/hyperref.cfg
File: hyperref.cfg 2002/06/06 v1.2 hyperref configuration of TeXLive
)
Package hyperref Info: Option `colorlinks' set `true' on input line 4319.
Package hyperref Info: Hyper figures OFF on input line 4443.
Package hyperref Info: Link nesting OFF on input line 4448.
Package hyperref Info: Hyper index ON on input line 4451.
Package hyperref Info: Plain pages OFF on input line 4458.
Package hyperref Info: Backreferencing OFF on input line 4463.
Package hyperref Info: Implicit mode ON; LaTeX internals redefined.
Package hyperref Info: Bookmarks ON on input line 4688.
\c@Hy@tempcnt=\count103

(/usr/share/texlive/texmf-dist/tex/latex/url/url.sty
\Urlmuskip=\muskip11
Package: url 2013/09/16  ver 3.4  Verb mode for urls, etc.
)
LaTeX Info: Redefining \url on input line 5041.
\XeTeXLinkMargin=\dimen115
\Fld@menulength=\count104
\Field@Width=\dimen116
\Fld@charsize=\dimen117
Package hyperref Info: Hyper figures OFF on input line 6295.
Package hyperref Info: Link nesting OFF on input line 6300.
Package hyperref Info: Hyper index ON on input line 6303.
Package hyperref Info: backreferencing OFF on input line 6310.
Package hyperref Info: Link coloring ON on input line 6313.
Package hyperref Info: Link coloring with OCG OFF on input line 6320.
Package hyperref Info: PDF/A mode OFF on input line 6325.
LaTeX Info: Redefining \ref on input line 6365.
LaTeX Info: Redefining \pageref on input line 6369.
\Hy@abspage=\count105
\c@Item=\count106
\c@Hfootnote=\count107
)

Package hyperref Message: Driver (autodetected): hpdftex.

(/usr/share/texlive/texmf-dist/tex/latex/hyperref/hpdftex.def
File: hpdftex.def 2012/11/06 v6.83m Hyperref driver for pdfTeX
\Fld@listcount=\count108
\c@bookmark@seq@number=\count109

(/usr/share/texlive/texmf-dist/tex/latex/oberdiek/rerunfilecheck.sty
Package: rerunfilecheck 2011/04/15 v1.7 Rerun checks for auxiliary files (HO)
Package uniquecounter Info: New unique counter `rerunfilecheck' on input line 2
82.
)
\Hy@SectionHShift=\skip46
)
(/usr/share/texlive/texmf-dist/tex/latex/base/ifthen.sty
Package: ifthen 2001/05/26 v1.1c Standard LaTeX ifthen package (DPC)
)
(/usr/share/texlive/texmf-dist/tex/latex/tools/array.sty
Package: array 2008/09/09 v2.4c Tabular extension package (FMi)
\col@sep=\dimen118
\extrarowheight=\dimen119
\NC@list=\toks20
\extratabsurround=\skip47
\backup@length=\skip48
)
(/usr/share/texlive/texmf-dist/tex/latex/tools/calc.sty
Package: calc 2007/08/22 v4.3 Infix arithmetic (KKT,FJ)
\calc@Acount=\count110
\calc@Bcount=\count111
\calc@Adimen=\dimen120
\calc@Bdimen=\dimen121
\calc@Askip=\skip49
\calc@Bskip=\skip50
LaTeX Info: Redefining \setlength on input line 76.
LaTeX Info: Redefining \addtolength on input line 77.
\calc@Ccount=\count112
\calc@Cskip=\skip51
)
(/usr/share/texlive/texmf-dist/tex/latex/vmargin/vmargin.sty
Package: vmargin 2004/07/15 V2.5 set document margins (VK)

Package: vmargin 2004/07/15 V2.5 set document margins (VK)
\PaperWidth=\dimen122
\PaperHeight=\dimen123
)
\GPT@outputbox=\box28
) (/usr/share/texlive/texmf-dist/tex/latex/tools/longtable.sty
Package: longtable 2004/02/01 v4.11 Multi-page Table package (DPC)
\LTleft=\skip52
\LTright=\skip53
\LTpre=\skip54
\LTpost=\skip55
\LTchunksize=\count113
\LTcapwidth=\dimen124
\LT@head=\box29
\LT@firsthead=\box30
\LT@foot=\box31
\LT@lastfoot=\box32
\LT@cols=\count114
\LT@rows=\count115
\c@LT@tables=\count116
\c@LT@chunks=\count117
\LT@p@ftn=\toks21
)
(/usr/share/texlive/texmf-dist/tex/latex/svg/svg.sty
Package: svg 2012/09/05 v1.0 SVG inclusion and extraction

(/usr/share/texlive/texmf-dist/tex/latex/xkeyval/xkeyval.sty
Package: xkeyval 2012/10/14 v2.6b package option processing (HA)

(/usr/share/texlive/texmf-dist/tex/generic/xkeyval/xkeyval.tex
\XKV@toks=\toks22
\XKV@tempa@toks=\toks23
\XKV@depth=\count118
File: xkeyval.tex 2012/10/14 v2.6b key=value parser (HA)
))
(/usr/share/texlive/texmf-dist/tex/latex/subfig/subfig.sty
Package: subfig 2005/06/28 ver: 1.3 subfig package

(/usr/share/texlive/texmf-dist/tex/latex/caption/caption.sty
Package: caption 2013/05/02 v3.3-89 Customizing captions (AR)

(/usr/share/texlive/texmf-dist/tex/latex/caption/caption3.sty
Package: caption3 2013/05/02 v1.6-88 caption3 kernel (AR)
Package caption3 Info: TeX engine: e-TeX on input line 57.
\captionmargin=\dimen125
\captionmargin@=\dimen126
\captionwidth=\dimen127
\caption@tempdima=\dimen128
\caption@indent=\dimen129
\caption@parindent=\dimen130
\caption@hangindent=\dimen131
)
\c@ContinuedFloat=\count119
Package caption Info: hyperref package is loaded.
Package caption Info: longtable package is loaded.

(/usr/share/texlive/texmf-dist/tex/latex/caption/ltcaption.sty
Package: ltcaption 2013/02/03 v1.3-62 longtable captions (AR)
))
\c@KVtest=\count120
\sf@farskip=\skip56
\sf@captopadj=\dimen132
\sf@capskip=\skip57
\sf@nearskip=\skip58
\c@subfigure=\count121
\c@subfigure@save=\count122
\c@lofdepth=\count123
\c@subtable=\count124
\c@subtable@save=\count125
\c@lotdepth=\count126
\sf@top=\skip59
\sf@bottom=\skip60
)
(/usr/share/texlive/texmf-dist/tex/latex/import/import.sty
Package: import 2009/03/23  v 5.1
)
(/usr/share/texlive/texmf-dist/tex/latex/oberdiek/transparent.sty
Package: transparent 2007/01/08 v1.0 Transparency via pdfTeX's color stack (HO)

)
(/usr/share/texmf/tex/latex/xcolor/xcolor.sty
Package: xcolor 2007/01/21 v2.11 LaTeX color extensions (UK)

(/usr/share/texlive/texmf-dist/tex/latex/latexconfig/color.cfg
File: color.cfg 2007/01/18 v1.5 color configuration of teTeX/TeXLive
)
Package xcolor Info: Driver file: pdftex.def on input line 225.
LaTeX Info: Redefining \color on input line 702.
Package xcolor Info: Model `cmy' substituted by `cmy0' on input line 1337.
Package xcolor Info: Model `hsb' substituted by `rgb' on input line 1341.
Package xcolor Info: Model `RGB' extended on input line 1353.
Package xcolor Info: Model `HTML' substituted by `rgb' on input line 1355.
Package xcolor Info: Model `Hsb' substituted by `hsb' on input line 1356.
Package xcolor Info: Model `tHsb' substituted by `hsb' on input line 1357.
Package xcolor Info: Model `HSB' substituted by `hsb' on input line 1358.
Package xcolor Info: Model `Gray' substituted by `gray' on input line 1359.
Package xcolor Info: Model `wave' substituted by `hsb' on input line 1360.
)
\SVG@out@width=\skip61
\SVG@out@height=\skip62
\c@svgfigure=\count127
)
(/usr/share/texlive/texmf-dist/tex/latex/float/float.sty
Package: float 2001/11/08 v1.3d Float enhancements (AL)
\c@float@type=\count128
\float@exts=\toks24
\float@box=\box33
\@float@everytoks=\toks25
\@floatcapt=\box34
)
(/usr/share/texlive/texmf-dist/tex/latex/rotating/rotating.sty
Package: rotating 2009/03/28 v2.16a rotated objects in LaTeX
\c@r@tfl@t=\count129
\rotFPtop=\skip63
\rotFPbot=\skip64
\rot@float@box=\box35
\rot@mess@toks=\toks26
)
(/usr/share/texlive/texmf-dist/tex/latex/fancyhdr/fancyhdr.sty
\fancy@headwidth=\skip65
\f@ncyO@elh=\skip66
\f@ncyO@erh=\skip67
\f@ncyO@olh=\skip68
\f@ncyO@orh=\skip69
\f@ncyO@elf=\skip70
\f@ncyO@erf=\skip71
\f@ncyO@olf=\skip72
\f@ncyO@orf=\skip73
)
(/usr/share/texlive/texmf-dist/tex/latex/biblatex/biblatex.sty
Package: biblatex 2013/11/25 v2.8a programmable bibliographies (PK/JW/AB)


Package biblatex Warning: No "backend" specified, using Biber backend.
(biblatex)                To use BibTeX, load biblatex with 
(biblatex)                the "backend=bibtex" option.

(/usr/share/texlive/texmf-dist/tex/latex/biblatex/biblatex2.sty
Package: biblatex2 2013/11/25 v2.8a programmable bibliographies (biber) (PK/JW/
AB)

(/usr/share/texlive/texmf-dist/tex/latex/etoolbox/etoolbox.sty
Package: etoolbox 2011/01/03 v2.1 e-TeX tools for LaTeX

(/usr/share/texlive/texmf-dist/tex/latex/etex-pkg/etex.sty
Package: etex 1998/03/26 v2.0 eTeX basic definition package (PEB)
\et@xins=\count130
)
\etb@tempcnta=\count131
)
(/usr/share/texlive/texmf-dist/tex/latex/logreq/logreq.sty
Package: logreq 2010/08/04 v1.0 xml request logger
\lrq@indent=\count132

(/usr/share/texlive/texmf-dist/tex/latex/logreq/logreq.def
File: logreq.def 2010/08/04 v1.0 logreq spec v1.0
))
\c@tabx@nest=\count133
\c@listtotal=\count134
\c@listcount=\count135
\c@liststart=\count136
\c@liststop=\count137
\c@citecount=\count138
\c@citetotal=\count139
\c@multicitecount=\count140
\c@multicitetotal=\count141
\c@instcount=\count142
\c@maxnames=\count143
\c@minnames=\count144
\c@maxitems=\count145
\c@minitems=\count146
\c@citecounter=\count147
\c@savedcitecounter=\count148
\c@uniquelist=\count149
\c@uniquename=\count150
\c@refsection=\count151
\c@refsegment=\count152
\c@maxextratitle=\count153
\c@maxextratitleyear=\count154
\c@maxextrayear=\count155
\c@maxextraalpha=\count156
\c@abbrvpenalty=\count157
\c@highnamepenalty=\count158
\c@lownamepenalty=\count159
\c@maxparens=\count160
\c@parenlevel=\count161
\blx@tempcnta=\count162
\blx@tempcntb=\count163
\blx@tempcntc=\count164
\blx@maxsection=\count165
\blx@maxsegment@0=\count166
\blx@notetype=\count167
\blx@parenlevel@text=\count168
\blx@parenlevel@foot=\count169
\blx@sectionciteorder@0=\count170
\labelnumberwidth=\skip74
\labelalphawidth=\skip75
\shorthandwidth=\skip76
\biblabelsep=\skip77
\bibitemsep=\skip78
\bibnamesep=\skip79
\bibinitsep=\skip80
\bibparsep=\skip81
\bibhang=\skip82
\blx@bcfin=\read1
\blx@bcfout=\write3
\c@mincomprange=\count171
\c@maxcomprange=\count172
\c@mincompwidth=\count173
Package biblatex Info: Trying to load biblatex default data model...
Package biblatex Info: ... file 'blx-dm.def' found.

(/usr/share/texlive/texmf-dist/tex/latex/biblatex/blx-dm.def)
Package biblatex Info: Trying to load biblatex custom data model...
Package biblatex Info: ... file 'biblatex-dm.cfg' not found.
\c@afterword=\count174
\c@savedafterword=\count175
\c@annotator=\count176
\c@savedannotator=\count177
\c@author=\count178
\c@savedauthor=\count179
\c@bookauthor=\count180
\c@savedbookauthor=\count181
\c@commentator=\count182
\c@savedcommentator=\count183
\c@editor=\count184
\c@savededitor=\count185
\c@editora=\count186
\c@savededitora=\count187
\c@editorb=\count188
\c@savededitorb=\count189
\c@editorc=\count190
\c@savededitorc=\count191
\c@foreword=\count192
\c@savedforeword=\count193
\c@holder=\count194
\c@savedholder=\count195
\c@introduction=\count196
\c@savedintroduction=\count197
\c@namea=\count198
\c@savednamea=\count199
\c@nameb=\count200
\c@savednameb=\count201
\c@namec=\count202
\c@savednamec=\count203
\c@shortauthor=\count204
\c@savedshortauthor=\count205
\c@shorteditor=\count206
\c@savedshorteditor=\count207
\c@translator=\count208
\c@savedtranslator=\count209
\c@labelname=\count210
\c@savedlabelname=\count211
\c@institution=\count212
\c@savedinstitution=\count213
\c@lista=\count214
\c@savedlista=\count215
\c@listb=\count216
\c@savedlistb=\count217
\c@listc=\count218
\c@savedlistc=\count219
\c@listd=\count220
\c@savedlistd=\count221
\c@liste=\count222
\c@savedliste=\count223
\c@listf=\count224
\c@savedlistf=\count225
\c@location=\count226
\c@savedlocation=\count227
\c@organization=\count228
\c@savedorganization=\count229
\c@origlocation=\count230
\c@savedoriglocation=\count231
\c@origpublisher=\count232
\c@savedorigpublisher=\count233
Normal \count register pool exhausted, switching to extended pool.
\c@publisher=\count277
\c@savedpublisher=\count278
\c@language=\count279
\c@savedlanguage=\count280
\c@pageref=\count281
\c@savedpageref=\count282
Package biblatex Info: Trying to load compatibility code...
Package biblatex Info: ... file 'blx-compat.def' found.

(/usr/share/texlive/texmf-dist/tex/latex/biblatex/blx-compat.def
File: blx-compat.def 2013/11/25 v2.8a biblatex compatibility (PK/JW/AB)
)
Package biblatex Info: Trying to load generic definitions...
Package biblatex Info: ... file 'biblatex.def' found.

(/usr/share/texlive/texmf-dist/tex/latex/biblatex/biblatex.def
File: biblatex.def 
\c@textcitecount=\count283
\c@textcitetotal=\count284
\c@textcitemaxnames=\count285
\c@biburlnumpenalty=\count286
\c@biburlucpenalty=\count287
\c@biburllcpenalty=\count288
\c@smartand=\count289
)
Package biblatex Info: Trying to load bibliography style 'numeric'...
Package biblatex Info: ... file 'numeric.bbx' found.

(/usr/share/texlive/texmf-dist/tex/latex/biblatex/bbx/numeric.bbx
File: numeric.bbx 2013/11/25 v2.8a biblatex bibliography style (PK/JW/AB)
Package biblatex Info: Trying to load bibliography style 'standard'...
Package biblatex Info: ... file 'standard.bbx' found.

(/usr/share/texlive/texmf-dist/tex/latex/biblatex/bbx/standard.bbx
File: standard.bbx 2013/11/25 v2.8a biblatex bibliography style (PK/JW/AB)
\c@bbx:relatedcount=\count290
\c@bbx:relatedtotal=\count291
))
Package biblatex Info: Trying to load citation style 'numeric'...
Package biblatex Info: ... file 'numeric.cbx' found.

(/usr/share/texlive/texmf-dist/tex/latex/biblatex/cbx/numeric.cbx
File: numeric.cbx 2013/11/25 v2.8a biblatex citation style (PK/JW/AB)
Package biblatex Info: Redefining '\cite'.
Package biblatex Info: Redefining '\parencite'.
Package biblatex Info: Redefining '\footcite'.
Package biblatex Info: Redefining '\footcitetext'.
Package biblatex Info: Redefining '\smartcite'.
Package biblatex Info: Redefining '\supercite'.
Package biblatex Info: Redefining '\textcite'.
Package biblatex Info: Redefining '\textcites'.
Package biblatex Info: Redefining '\cites'.
Package biblatex Info: Redefining '\parencites'.
Package biblatex Info: Redefining '\smartcites'.
)
Package biblatex Info: Trying to load configuration file...
Package biblatex Info: ... file 'biblatex.cfg' found.

(/usr/share/texlive/texmf-dist/tex/latex/biblatex/biblatex.cfg
File: biblatex.cfg 
)))
Package biblatex Info: Trying to load language 'english'...
Package biblatex Info: ... file 'english.lbx' found.

(/usr/share/texlive/texmf-dist/tex/latex/biblatex/lbx/english.lbx
File: english.lbx 2013/11/25 v2.8a biblatex localization (PK/JW/AB)
)
\@quotelevel=\count292
\@quotereset=\count293

(./final_report.aux)
\openout1 = `final_report.aux'.

LaTeX Font Info:    Checking defaults for OML/cmm/m/it on input line 27.
LaTeX Font Info:    ... okay on input line 27.
LaTeX Font Info:    Checking defaults for T1/cmr/m/n on input line 27.
LaTeX Font Info:    ... okay on input line 27.
LaTeX Font Info:    Checking defaults for OT1/cmr/m/n on input line 27.
LaTeX Font Info:    ... okay on input line 27.
LaTeX Font Info:    Checking defaults for OMS/cmsy/m/n on input line 27.
LaTeX Font Info:    ... okay on input line 27.
LaTeX Font Info:    Checking defaults for OMX/cmex/m/n on input line 27.
LaTeX Font Info:    ... okay on input line 27.
LaTeX Font Info:    Checking defaults for U/cmr/m/n on input line 27.
LaTeX Font Info:    ... okay on input line 27.
LaTeX Font Info:    Checking defaults for PD1/pdf/m/n on input line 27.
LaTeX Font Info:    ... okay on input line 27.

(/usr/share/texlive/texmf-dist/tex/context/base/supp-pdf.mkii
[Loading MPS to PDF converter (version 2006.09.02).]
\scratchcounter=\count294
\scratchdimen=\dimen133
\scratchbox=\box36
\nofMPsegments=\count295
\nofMParguments=\count296
\everyMPshowfont=\toks27
\MPscratchCnt=\count297
\MPscratchDim=\dimen134
\MPnumerator=\count298
\makeMPintoPDFobject=\count299
\everyMPtoPDFconversion=\toks28
) (/usr/share/texlive/texmf-dist/tex/latex/oberdiek/epstopdf-base.sty
Package: epstopdf-base 2010/02/09 v2.5 Base part for package epstopdf

(/usr/share/texlive/texmf-dist/tex/latex/oberdiek/grfext.sty
Package: grfext 2010/08/19 v1.1 Manage graphics extensions (HO)
)
Package grfext Info: Graphics extension search list:
(grfext)             [.png,.pdf,.jpg,.mps,.jpeg,.jbig2,.jb2,.PNG,.PDF,.JPG,.JPE
G,.JBIG2,.JB2,.eps]
(grfext)             \AppendGraphicsExtensions on input line 452.

(/usr/share/texlive/texmf-dist/tex/latex/latexconfig/epstopdf-sys.cfg
File: epstopdf-sys.cfg 2010/07/13 v1.3 Configuration of (r)epstopdf for TeX Liv
e
))
\AtBeginShipoutBox=\box37
Package hyperref Info: Link coloring ON on input line 27.

(/usr/share/texlive/texmf-dist/tex/latex/hyperref/nameref.sty
Package: nameref 2012/10/27 v2.43 Cross-referencing by name of section

(/usr/share/texlive/texmf-dist/tex/generic/oberdiek/gettitlestring.sty
Package: gettitlestring 2010/12/03 v1.4 Cleanup title references (HO)
)
\c@section@level=\count300
)
LaTeX Info: Redefining \ref on input line 27.
LaTeX Info: Redefining \pageref on input line 27.
LaTeX Info: Redefining \nameref on input line 27.

(./final_report.out) (./final_report.out)
\@outlinefile=\write4
\openout4 = `final_report.out'.

LaTeX Font Info:    Try loading font information for U+lasy on input line 27.

(/usr/share/texlive/texmf-dist/tex/latex/base/ulasy.fd
File: ulasy.fd 1998/08/17 v2.2e LaTeX symbol font definitions
)
LaTeX Font Info:    Try loading font information for U+msa on input line 27.

(/usr/share/texlive/texmf-dist/tex/latex/amsfonts/umsa.fd
File: umsa.fd 2013/01/14 v3.01 AMS symbols A
)
LaTeX Font Info:    Try loading font information for U+msb on input line 27.

(/usr/share/texlive/texmf-dist/tex/latex/amsfonts/umsb.fd
File: umsb.fd 2013/01/14 v3.01 AMS symbols B
)

LaTeX Font Warning: Font shape `OT1/cmr/m/n' in size <22> not available
(Font)              size <20.74> substituted on input line 27.


LaTeX Font Warning: Font shape `OT1/cmr/bx/n' in size <22> not available
(Font)              size <20.74> substituted on input line 27.

[1

{/var/lib/texmf/fonts/map/pdftex/updmap/pdftex.map}]
Package caption Info: Begin \AtBeginDocument code.
Package caption Info: subfig package v1.3 is loaded.
Package caption Info: float package is loaded.
Package caption Info: rotating package is loaded.
Package caption Info: End \AtBeginDocument code.
Package biblatex Info: No input encoding detected.
(biblatex)             Assuming 'ascii'.
Package biblatex Info: Automatic encoding selection.
(biblatex)             Assuming data encoding 'ascii'.
\openout3 = `final_report.bcf'.

Package biblatex Info: Trying to load bibliographic data...
Package biblatex Info: ... file 'final_report.bbl' found.
 (./final_report.bbl)
Package biblatex Info: Reference section=0 on input line 27.
Package biblatex Info: Reference segment=0 on input line 27.

Underfull \hbox (badness 10000) in paragraph at lines 31--35

 []


Underfull \hbox (badness 10000) in paragraph at lines 31--35

 []


Underfull \hbox (badness 10000) in paragraph at lines 31--35

 []


Underfull \hbox (badness 10000) in paragraph at lines 31--35

 []


Underfull \hbox (badness 10000) in paragraph at lines 31--35

 []


Underfull \hbox (badness 10000) in paragraph at lines 31--35

 []


Underfull \hbox (badness 10000) in paragraph at lines 31--35

 []


Underfull \hbox (badness 10000) in paragraph at lines 31--35

 []


Underfull \hbox (badness 10000) in paragraph at lines 31--35

 []


Underfull \hbox (badness 10000) in paragraph at lines 31--35

 []


Underfull \hbox (badness 10000) in paragraph at lines 31--35

 []


Underfull \hbox (badness 10000) in paragraph at lines 31--35

 []


Underfull \hbox (badness 10000) in paragraph at lines 31--35

 []


Underfull \hbox (badness 10000) in paragraph at lines 31--35

 []


Underfull \hbox (badness 10000) in paragraph at lines 31--35

 []


Underfull \hbox (badness 10000) in paragraph at lines 31--35

 []


Underfull \hbox (badness 10000) in paragraph at lines 31--35

 []


Underfull \hbox (badness 10000) in paragraph at lines 31--35

 []


Underfull \hbox (badness 10000) in paragraph at lines 31--35

 []


Underfull \hbox (badness 10000) in paragraph at lines 31--35

 []


Underfull \hbox (badness 10000) in paragraph at lines 31--35

 []


Underfull \vbox (badness 10000) has occurred while \output is active []


Overfull \vbox (7.73332pt too high) has occurred while \output is active []

pdfTeX warning (ext4): destination with the same identifier (name{page.1}) has 
been already used, duplicate ignored
<to be read again> 
                   \relax 
l.38     \subsection
                    {Examples} [1]

LaTeX Warning: Citation 'Examples' on page 2 undefined on input line 50.


Overfull \hbox (3.18094pt too wide) in paragraph at lines 49--51
\OT1/cmr/m/n/12 Some other ex-am-ples with re-spect to quan-ti-za-tion in im-ag
e pro-cess-ing are given in [[]
 []


Underfull \vbox (badness 10000) has occurred while \output is active []


Overfull \vbox (7.73332pt too high) has occurred while \output is active []


[2]

LaTeX Warning: Citation 'Kollar' on page 3 undefined on input line 55.


LaTeX Warning: Citation 'Kollar' on page 3 undefined on input line 55.


LaTeX Warning: Citation 'Kollar' on page 3 undefined on input line 62.


LaTeX Warning: Citation 'Kollar' on page 3 undefined on input line 64.


Underfull \vbox (badness 10000) has occurred while \output is active []


Overfull \vbox (7.73332pt too high) has occurred while \output is active []


[3]
Underfull \hbox (badness 10000) in paragraph at lines 73--74

 []


LaTeX Warning: Citation 'Quantization' on page 4 undefined on input line 77.

(./Quantization_Error_Wave.pdf_tex
<Quantization_Error_Wave.pdf, id=196, 269.104pt x 145.937pt>
File: Quantization_Error_Wave.pdf Graphic file (type pdf)

<use Quantization_Error_Wave.pdf>
Package pdftex.def Info: Quantization_Error_Wave.pdf used on input line 52.
(pdftex.def)             Requested size: 269.10399pt x 145.94107pt.
)
Underfull \vbox (badness 10000) has occurred while \output is active []


Overfull \vbox (7.73332pt too high) has occurred while \output is active []


[4]

LaTeX Warning: Citation 'Git' on page 5 undefined on input line 129.


LaTeX Warning: Citation 'Pandey' on page 5 undefined on input line 131.


Underfull \vbox (badness 10000) has occurred while \output is active []


Overfull \vbox (7.73332pt too high) has occurred while \output is active []


[5 <./Quantization_Error_Wave.pdf>]

LaTeX Warning: Citation 'Z transform' on page 6 undefined on input line 134.


LaTeX Warning: Citation 'Oppenheim' on page 6 undefined on input line 135.


LaTeX Warning: Citation 'Oppenheim' on page 6 undefined on input line 139.


LaTeX Warning: Citation 'Rahmanian' on page 6 undefined on input line 139.


LaTeX Warning: Citation 'Oppenheim' on page 6 undefined on input line 140.


LaTeX Warning: Citation 'Rahmanian' on page 6 undefined on input line 140.


LaTeX Warning: Citation 'T L Chang' on page 6 undefined on input line 141.


Underfull \vbox (badness 10000) has occurred while \output is active []


Overfull \vbox (7.73332pt too high) has occurred while \output is active []


[6]
Underfull \vbox (badness 10000) has occurred while \output is active []


Overfull \vbox (7.73332pt too high) has occurred while \output is active []


[7]

LaTeX Warning: Citation 'Kaiser' on page 8 undefined on input line 173.


LaTeX Warning: Citation 'Oppenheim' on page 8 undefined on input line 176.


LaTeX Warning: Citation 'Oppenheim' on page 8 undefined on input line 176.


LaTeX Warning: Citation 'Kollar' on page 8 undefined on input line 179.


LaTeX Warning: Citation 'Matts' on page 8 undefined on input line 179.


LaTeX Warning: Citation 'Matts' on page 8 undefined on input line 179.


LaTeX Warning: Citation 'Matts' on page 8 undefined on input line 179.


LaTeX Warning: Citation 'Zeng' on page 8 undefined on input line 180.


Underfull \vbox (badness 10000) has occurred while \output is active []


Overfull \vbox (7.73332pt too high) has occurred while \output is active []


[8]

LaTeX Warning: Citation 'Chang' on page 9 undefined on input line 192.


LaTeX Warning: Citation 'Mullis' on page 9 undefined on input line 192.


LaTeX Warning: Citation 'Bomar' on page 9 undefined on input line 193.


LaTeX Warning: Citation 'Dehner' on page 9 undefined on input line 193.


LaTeX Warning: Citation 'Dehner' on page 9 undefined on input line 193.


LaTeX Warning: Citation 'Oppenheim' on page 9 undefined on input line 195.


LaTeX Warning: Citation 'Cerna' on page 9 undefined on input line 195.


LaTeX Warning: Citation 'Kanner' on page 9 undefined on input line 195.


LaTeX Warning: Citation 'Welch' on page 9 undefined on input line 195.


LaTeX Warning: Citation 'LIGO' on page 9 undefined on input line 198.


LaTeX Warning: Citation 'GWD' on page 9 undefined on input line 198.


Underfull \vbox (badness 10000) has occurred while \output is active []


Overfull \vbox (7.73332pt too high) has occurred while \output is active []


[9]

LaTeX Warning: Citation 'Interferometer' on page 10 undefined on input line 200
.


LaTeX Warning: Citation 'Interferometer' on page 10 undefined on input line 200
.


LaTeX Warning: Citation 'Carbone' on page 10 undefined on input line 200.


LaTeX Warning: Citation 'LIGO' on page 10 undefined on input line 204.


Underfull \vbox (badness 10000) has occurred while \output is active []


Overfull \vbox (7.73332pt too high) has occurred while \output is active []


[10]
Underfull \hbox (badness 10000) in paragraph at lines 207--209

 []


LaTeX Warning: Citation 'Matts' on page 11 undefined on input line 212.


LaTeX Warning: Citation 'Matts' on page 11 undefined on input line 212.


LaTeX Warning: Citation 'Matts' on page 11 undefined on input line 212.


Underfull \vbox (badness 10000) has occurred while \output is active []


Overfull \vbox (7.73332pt too high) has occurred while \output is active []


[11]

LaTeX Warning: Citation 'Matts' on page 12 undefined on input line 221.


LaTeX Warning: Citation 'Martynov' on page 12 undefined on input line 222.


LaTeX Warning: Citation 'Martynov2' on page 12 undefined on input line 222.


LaTeX Warning: Citation 'longdouble' on page 12 undefined on input line 223.


LaTeX Warning: Citation 'Martynov' on page 12 undefined on input line 226.


LaTeX Warning: Citation 'Collection' on page 12 undefined on input line 234.


Underfull \hbox (badness 10000) in paragraph at lines 233--235

 []


Underfull \vbox (badness 10000) has occurred while \output is active []


Overfull \vbox (7.73332pt too high) has occurred while \output is active []


[12] (./H1:HPI-BS_L4CINF_H2_IN1_DQ.pdf_tex
<H1:HPI-BS_L4CINF_H2_IN1_DQ.pdf, id=273, 1096.095pt x 616.70403pt>
File: H1:HPI-BS_L4CINF_H2_IN1_DQ.pdf Graphic file (type pdf)

<use H1:HPI-BS_L4CINF_H2_IN1_DQ.pdf>
Package pdftex.def Info: H1:HPI-BS_L4CINF_H2_IN1_DQ.pdf used on input line 52.
(pdftex.def)             Requested size: 548.04749pt x 308.35126pt.
)
Overfull \hbox (78.29247pt too wide) in paragraph at lines 78--251
 [][] 
 []

(./H1:SUS-ITMX_M0_DAMP_P_IN1_DQ.pdf_tex
<H1:SUS-ITMX_M0_DAMP_P_IN1_DQ.pdf, id=274, 1096.095pt x 616.70403pt>
File: H1:SUS-ITMX_M0_DAMP_P_IN1_DQ.pdf Graphic file (type pdf)

<use H1:SUS-ITMX_M0_DAMP_P_IN1_DQ.pdf>
Package pdftex.def Info: H1:SUS-ITMX_M0_DAMP_P_IN1_DQ.pdf used on input line 52
.
(pdftex.def)             Requested size: 548.04749pt x 308.35126pt.
)
Overfull \hbox (78.29247pt too wide) in paragraph at lines 74--261
 [][] 
 []


Underfull \vbox (badness 10000) has occurred while \output is active []


Overfull \vbox (7.73332pt too high) has occurred while \output is active []


[13] (./L1:ISI-ETMX_ST1_FF01_X_IN1_DQ.pdf_tex
<L1:ISI-ETMX_ST1_FF01_X_IN1_DQ.pdf, id=284, 1096.095pt x 616.70403pt>
File: L1:ISI-ETMX_ST1_FF01_X_IN1_DQ.pdf Graphic file (type pdf)

<use L1:ISI-ETMX_ST1_FF01_X_IN1_DQ.pdf>
Package pdftex.def Info: L1:ISI-ETMX_ST1_FF01_X_IN1_DQ.pdf used on input line 5
2.
(pdftex.def)             Requested size: 548.04749pt x 308.35126pt.
)
Overfull \hbox (78.29247pt too wide) in paragraph at lines 78--271
 [][] 
 []


Underfull \vbox (badness 10000) has occurred while \output is active []


Overfull \vbox (7.73332pt too high) has occurred while \output is active []


[14 <./H1:HPI-BS_L4CINF_H2_IN1_DQ.pdf>]
(./L1:ISI-ETMY_ST1_ISO_RY_IN1_DQ.pdf_tex
<L1:ISI-ETMY_ST1_ISO_RY_IN1_DQ.pdf, id=295, 1096.095pt x 616.70403pt>
File: L1:ISI-ETMY_ST1_ISO_RY_IN1_DQ.pdf Graphic file (type pdf)

<use L1:ISI-ETMY_ST1_ISO_RY_IN1_DQ.pdf>
Package pdftex.def Info: L1:ISI-ETMY_ST1_ISO_RY_IN1_DQ.pdf used on input line 5
2.
(pdftex.def)             Requested size: 548.04749pt x 308.35126pt.
)
Overfull \hbox (78.29247pt too wide) in paragraph at lines 76--281
 [][] 
 []


Underfull \vbox (badness 10000) has occurred while \output is active []


Overfull \vbox (7.73332pt too high) has occurred while \output is active []


[15 <./H1:SUS-ITMX_M0_DAMP_P_IN1_DQ.pdf>]
(./H1:HPI-ITMY_L4CINF_H4_IN1_DQ_SNR.pdf_tex
<H1:HPI-ITMY_L4CINF_H4_IN1_DQ_SNR.pdf, id=306, page=1, 1096.095pt x 616.70403pt
>
File: H1:HPI-ITMY_L4CINF_H4_IN1_DQ_SNR.pdf Graphic file (type pdf)
 <use H1:HPI-ITMY_L4CINF_H4_IN1_DQ_SNR.pdf, page 1>
Package pdftex.def Info: H1:HPI-ITMY_L4CINF_H4_IN1_DQ_SNR.pdf, page1 used on in
put line 52.
(pdftex.def)             Requested size: 548.04749pt x 308.35126pt.

<H1:HPI-ITMY_L4CINF_H4_IN1_DQ_SNR.pdf, id=307, page=2, 1096.095pt x 616.70403pt
>
File: H1:HPI-ITMY_L4CINF_H4_IN1_DQ_SNR.pdf Graphic file (type pdf)
 <use H1:HPI-ITMY_L4CINF_H4_IN1_DQ_SNR.pdf, page 2>
Package pdftex.def Info: H1:HPI-ITMY_L4CINF_H4_IN1_DQ_SNR.pdf, page2 used on in
put line 54.
(pdftex.def)             Requested size: 548.04749pt x 308.35126pt.

<H1:HPI-ITMY_L4CINF_H4_IN1_DQ_SNR.pdf, id=308, page=3, 1096.095pt x 616.70403pt
>
File: H1:HPI-ITMY_L4CINF_H4_IN1_DQ_SNR.pdf Graphic file (type pdf)
 <use H1:HPI-ITMY_L4CINF_H4_IN1_DQ_SNR.pdf, page 3>
Package pdftex.def Info: H1:HPI-ITMY_L4CINF_H4_IN1_DQ_SNR.pdf, page3 used on in
put line 66.
(pdftex.def)             Requested size: 548.04749pt x 308.35126pt.

<H1:HPI-ITMY_L4CINF_H4_IN1_DQ_SNR.pdf, id=309, page=4, 1096.095pt x 616.70403pt
>
File: H1:HPI-ITMY_L4CINF_H4_IN1_DQ_SNR.pdf Graphic file (type pdf)
 <use H1:HPI-ITMY_L4CINF_H4_IN1_DQ_SNR.pdf, page 4>
Package pdftex.def Info: H1:HPI-ITMY_L4CINF_H4_IN1_DQ_SNR.pdf, page4 used on in
put line 79.
(pdftex.def)             Requested size: 548.04749pt x 308.35126pt.

<H1:HPI-ITMY_L4CINF_H4_IN1_DQ_SNR.pdf, id=310, page=5, 1096.095pt x 616.70403pt
>
File: H1:HPI-ITMY_L4CINF_H4_IN1_DQ_SNR.pdf Graphic file (type pdf)
 <use H1:HPI-ITMY_L4CINF_H4_IN1_DQ_SNR.pdf, page 5>
Package pdftex.def Info: H1:HPI-ITMY_L4CINF_H4_IN1_DQ_SNR.pdf, page5 used on in
put line 81.
(pdftex.def)             Requested size: 548.04749pt x 308.35126pt.
)
Overfull \hbox (78.29247pt too wide) in paragraph at lines 82--291
 [][] 
 []


Underfull \vbox (badness 10000) has occurred while \output is active []


Overfull \vbox (7.73332pt too high) has occurred while \output is active []


[16 <./L1:ISI-ETMX_ST1_FF01_X_IN1_DQ.pdf>]
Underfull \vbox (badness 10000) has occurred while \output is active []


Overfull \vbox (7.73332pt too high) has occurred while \output is active []


[17 <./L1:ISI-ETMY_ST1_ISO_RY_IN1_DQ.pdf>]

LaTeX Warning: Citation 'Matts' on page 18 undefined on input line 295.

(./H1:LSC-DARM_IN1_DQ.pdf_tex
<H1:LSC-DARM_IN1_DQ.pdf, id=332, 1096.095pt x 616.70403pt>
File: H1:LSC-DARM_IN1_DQ.pdf Graphic file (type pdf)

<use H1:LSC-DARM_IN1_DQ.pdf>
Package pdftex.def Info: H1:LSC-DARM_IN1_DQ.pdf used on input line 52.
(pdftex.def)             Requested size: 548.04749pt x 308.35126pt.
)
Overfull \hbox (78.29247pt too wide) in paragraph at lines 80--303
 [][] 
 []

(./L1:ISI-ETMY_ST1_BLND_RZ_L4C_CUR_IN1_DQ.pdf_tex
<L1:ISI-ETMY_ST1_BLND_RZ_L4C_CUR_IN1_DQ.pdf, id=333, 1096.095pt x 616.70403pt>
File: L1:ISI-ETMY_ST1_BLND_RZ_L4C_CUR_IN1_DQ.pdf Graphic file (type pdf)

<use L1:ISI-ETMY_ST1_BLND_RZ_L4C_CUR_IN1_DQ.pdf>
Package pdftex.def Info: L1:ISI-ETMY_ST1_BLND_RZ_L4C_CUR_IN1_DQ.pdf used on inp
ut line 52.
(pdftex.def)             Requested size: 548.04749pt x 308.35126pt.
)
Overfull \hbox (78.29247pt too wide) in paragraph at lines 78--313
 [][] 
 []


Underfull \vbox (badness 10000) has occurred while \output is active []


Overfull \vbox (7.73332pt too high) has occurred while \output is active []


[18 <./H1:HPI-ITMY_L4CINF_H4_IN1_DQ_SNR.pdf> <./H1:HPI-ITMY_L4CINF_H4_IN1_DQ_SN
R.pdf

pdfTeX warning: /usr/bin/pdflatex (file ./H1:HPI-ITMY_L4CINF_H4_IN1_DQ_SNR.pdf)
: PDF inclusion: multiple pdfs with page group included in a single page
> <./H1:HPI-ITMY_L4CINF_H4_IN1_DQ_SNR.pdf

pdfTeX warning: /usr/bin/pdflatex (file ./H1:HPI-ITMY_L4CINF_H4_IN1_DQ_SNR.pdf)
: PDF inclusion: multiple pdfs with page group included in a single page
> <./H1:HPI-ITMY_L4CINF_H4_IN1_DQ_SNR.pdf

pdfTeX warning: /usr/bin/pdflatex (file ./H1:HPI-ITMY_L4CINF_H4_IN1_DQ_SNR.pdf)
: PDF inclusion: multiple pdfs with page group included in a single page
> <./H1:HPI-ITMY_L4CINF_H4_IN1_DQ_SNR.pdf

pdfTeX warning: /usr/bin/pdflatex (file ./H1:HPI-ITMY_L4CINF_H4_IN1_DQ_SNR.pdf)
: PDF inclusion: multiple pdfs with page group included in a single page
>]
Underfull \vbox (badness 10000) has occurred while \output is active []


Overfull \vbox (7.73332pt too high) has occurred while \output is active []


[19 <./H1:LSC-DARM_IN1_DQ.pdf>] (./H1:SUS-ETMX_M0_LOCK_P_IN1_DQ.pdf_tex
<H1:SUS-ETMX_M0_LOCK_P_IN1_DQ.pdf, id=356, 1096.095pt x 616.70403pt>
File: H1:SUS-ETMX_M0_LOCK_P_IN1_DQ.pdf Graphic file (type pdf)

<use H1:SUS-ETMX_M0_LOCK_P_IN1_DQ.pdf>
Package pdftex.def Info: H1:SUS-ETMX_M0_LOCK_P_IN1_DQ.pdf used on input line 52
.
(pdftex.def)             Requested size: 548.04749pt x 308.35126pt.
)
Overfull \hbox (78.29247pt too wide) in paragraph at lines 78--325
 [][] 
 []

(./L1:ISI-ETMX_ST1_T240INF_Z3_IN1_DQ.pdf_tex
<L1:ISI-ETMX_ST1_T240INF_Z3_IN1_DQ.pdf, id=357, 1096.095pt x 616.70403pt>
File: L1:ISI-ETMX_ST1_T240INF_Z3_IN1_DQ.pdf Graphic file (type pdf)

<use L1:ISI-ETMX_ST1_T240INF_Z3_IN1_DQ.pdf>
Package pdftex.def Info: L1:ISI-ETMX_ST1_T240INF_Z3_IN1_DQ.pdf used on input li
ne 52.
(pdftex.def)             Requested size: 548.04749pt x 308.35126pt.
)
Overfull \hbox (78.29247pt too wide) in paragraph at lines 76--335
 [][] 
 []


Underfull \vbox (badness 10000) has occurred while \output is active []


Overfull \vbox (7.73332pt too high) has occurred while \output is active []


[20 <./L1:ISI-ETMY_ST1_BLND_RZ_L4C_CUR_IN1_DQ.pdf>]
Underfull \vbox (badness 10000) has occurred while \output is active []


Overfull \vbox (7.73332pt too high) has occurred while \output is active []


[21 <./H1:SUS-ETMX_M0_LOCK_P_IN1_DQ.pdf>] (./nshp_mea.pdf_tex
<nshp_mea.pdf, id=380, page=1, 968.61874pt x 387.4475pt>
File: nshp_mea.pdf Graphic file (type pdf)

<use nshp_mea.pdf, page 1>
Package pdftex.def Info: nshp_mea.pdf, page1 used on input line 52.
(pdftex.def)             Requested size: 484.30937pt x 193.72327pt.
)
Overfull \hbox (14.55435pt too wide) in paragraph at lines 53--357
 [][] 
 []


Underfull \vbox (badness 10000) has occurred while \output is active []


Overfull \vbox (7.73332pt too high) has occurred while \output is active []


[22 <./L1:ISI-ETMX_ST1_T240INF_Z3_IN1_DQ.pdf>]

LaTeX Warning: Citation 'Git' on page 23 undefined on input line 361.


Underfull \vbox (badness 10000) has occurred while \output is active []


Overfull \vbox (7.73332pt too high) has occurred while \output is active []


[23 <./nshp_mea.pdf>] <./NoiseShaping1.pdf, id=408, 435.79555pt x 178.0239pt>
File: ./NoiseShaping1.pdf Graphic file (type pdf)

<use ./NoiseShaping1.pdf>
Package pdftex.def Info: ./NoiseShaping1.pdf used on input line 380.
(pdftex.def)             Requested size: 435.79448pt x 178.02345pt.
File: ./NoiseShaping1.pdf Graphic file (type pdf)
 <use ./NoiseShaping1.pdf>
Package pdftex.def Info: ./NoiseShaping1.pdf used on input line 380.
(pdftex.def)             Requested size: 435.79448pt x 178.02345pt.
 (./NoiseShaping1.pdf_tex
<NoiseShaping1.pdf, id=409, 435.79555pt x 178.0239pt>
File: NoiseShaping1.pdf Graphic file (type pdf)
 <use NoiseShaping1.pdf>
Package pdftex.def Info: NoiseShaping1.pdf used on input line 52.
(pdftex.def)             Requested size: 435.79448pt x 178.02617pt.
)
Underfull \vbox (badness 10000) has occurred while \output is active []


Overfull \vbox (7.73332pt too high) has occurred while \output is active []


[24 <./NoiseShaping1.pdf>]

LaTeX Warning: Citation 'Nentwig' on page 25 undefined on input line 402.

(./shaper.pdf_tex <shaper.pdf, id=428, page=1, 966.61125pt x 400.49625pt>
File: shaper.pdf Graphic file (type pdf)

<use shaper.pdf, page 1>
Package pdftex.def Info: shaper.pdf, page1 used on input line 52.
(pdftex.def)             Requested size: 483.30562pt x 200.24763pt.
)
Overfull \hbox (13.5506pt too wide) in paragraph at lines 53--411
 [][] 
 []


Underfull \hbox (badness 10000) in paragraph at lines 414--415

 []

Missing character: There is no â in font cmr12!
Missing character: There is no € in font cmr12!
Missing character: There is no ™ in font cmr12!

Underfull \vbox (badness 10000) has occurred while \output is active []


Overfull \vbox (7.73332pt too high) has occurred while \output is active []


[25 <./shaper.pdf>]

LaTeX Warning: Citation 'Christou' on page 26 undefined on input line 421.

<./shape_notch_mod.pdf, id=440, 457.549pt x 230.26913pt>
File: ./shape_notch_mod.pdf Graphic file (type pdf)

<use ./shape_notch_mod.pdf>
Package pdftex.def Info: ./shape_notch_mod.pdf used on input line 427.
(pdftex.def)             Requested size: 457.54787pt x 230.26857pt.
File: ./shape_notch_mod.pdf Graphic file (type pdf)
 <use ./shape_notch_mod.pdf>
Package pdftex.def Info: ./shape_notch_mod.pdf used on input line 427.
(pdftex.def)             Requested size: 457.54787pt x 230.26857pt.

(./shape_notch_mod.pdf_tex
<shape_notch_mod.pdf, id=441, page=1, 457.549pt x 230.26913pt>
File: shape_notch_mod.pdf Graphic file (type pdf)

<use shape_notch_mod.pdf, page 1>
Package pdftex.def Info: shape_notch_mod.pdf, page1 used on input line 52.
(pdftex.def)             Requested size: 457.54787pt x 230.27559pt.

<shape_notch_mod.pdf, id=442, page=2, 457.549pt x 230.26913pt>
File: shape_notch_mod.pdf Graphic file (type pdf)

<use shape_notch_mod.pdf, page 2>
Package pdftex.def Info: shape_notch_mod.pdf, page2 used on input line 55.
(pdftex.def)             Requested size: 457.54787pt x 230.27559pt.
)
Underfull \vbox (badness 10000) has occurred while \output is active []


Overfull \vbox (7.73332pt too high) has occurred while \output is active []


[26] <./noise_shaping_mod.pdf, id=452, 447.38977pt x 254.521pt>
File: ./noise_shaping_mod.pdf Graphic file (type pdf)

<use ./noise_shaping_mod.pdf>
Package pdftex.def Info: ./noise_shaping_mod.pdf used on input line 439.
(pdftex.def)             Requested size: 447.38867pt x 254.52037pt.
File: ./noise_shaping_mod.pdf Graphic file (type pdf)
 <use ./noise_shaping_mod.pdf>
Package pdftex.def Info: ./noise_shaping_mod.pdf used on input line 439.
(pdftex.def)             Requested size: 447.38867pt x 254.52037pt.

(./noise_shaping_mod.pdf_tex
<noise_shaping_mod.pdf, id=453, page=1, 447.38977pt x 254.521pt>
File: noise_shaping_mod.pdf Graphic file (type pdf)

<use noise_shaping_mod.pdf, page 1>
Package pdftex.def Info: noise_shaping_mod.pdf, page1 used on input line 52.
(pdftex.def)             Requested size: 447.38867pt x 254.52814pt.
)
Underfull \hbox (badness 10000) in paragraph at lines 435--446

 []


Underfull \hbox (badness 10000) in paragraph at lines 435--446

 []


Underfull \vbox (badness 10000) has occurred while \output is active []


Overfull \vbox (7.73332pt too high) has occurred while \output is active []


[27 <./shape_notch_mod.pdf> <./shape_notch_mod.pdf

pdfTeX warning: /usr/bin/pdflatex (file ./shape_notch_mod.pdf): PDF inclusion: 
multiple pdfs with page group included in a single page
> <./noise_shaping_mod.pdf

pdfTeX warning: /usr/bin/pdflatex (file ./noise_shaping_mod.pdf): PDF inclusion
: multiple pdfs with page group included in a single page
>]

LaTeX Warning: Citation 'drive' on page 28 undefined on input line 449.


Underfull \hbox (badness 10000) in paragraph at lines 455--456
[]\OT1/cmr/m/n/12 Tutorials Point, [][]$\OT1/cmtt/m/n/12 http : / / www . tutor
ialspoint . com / dip / Concept _ of _
 []


Underfull \hbox (badness 10000) in paragraph at lines 466--467
[]\OT1/cmr/m/n/12 Widrow and Koll^^Sar, \OT1/cmr/m/it/12 Quan-ti-za-tion Noise 
[][]$\OT1/cmtt/m/n/12 http : / / www . mit . bme . hu / books /
 []


Underfull \hbox (badness 10000) in paragraph at lines 468--469
[]\OT1/cmr/m/n/12 Dehner, \OT1/cmr/m/it/12 Noise Op-ti-mized Fil-ter De-sign []
[]$\OT1/cmtt/m/n/12 https : / / dx . doi . org / 10 . 1016 /
 []


Underfull \hbox (badness 1275) in paragraph at lines 471--473
[]\OT1/cmr/m/n/12 Denis Mar-tynov, \OT1/cmr/m/it/12 Check-ing Dig-i-tal Sys-tem
 [][]$\OT1/cmtt/m/n/12 http : / / github . com / denismartynov /
 []


Underfull \hbox (badness 10000) in paragraph at lines 471--473
\OT1/cmtt/m/n/12 quantization$[][] [][]$http : / / nodus . ligo . caltech . edu
 : 8080 / 40m / ?mode = full & attach =
 []


Underfull \vbox (badness 10000) has occurred while \output is active []


Overfull \vbox (7.73332pt too high) has occurred while \output is active []


[28]
Missing character: There is no â in font cmr12!
Missing character: There is no € in font cmr12!
Missing character: There is no “ in font cmr12!

Underfull \hbox (badness 10000) in paragraph at lines 495--496
[]\OT1/cmr/m/n/12 Z-Transform, [][]$\OT1/cmtt/m/n/12 http : / / www . ele . uri
 . edu / Courses / ele541 / tutorials /
 []


LaTeX Warning: Empty bibliography on input line 506.

Package atveryend Info: Empty hook `BeforeClearDocument' on input line 507.

Underfull \vbox (badness 10000) has occurred while \output is active []


Overfull \vbox (7.73332pt too high) has occurred while \output is active []


[29]
Package atveryend Info: Empty hook `AfterLastShipout' on input line 507.
 (./final_report.aux)
Package atveryend Info: Executing hook `AtVeryEndDocument' on input line 507.
Package atveryend Info: Executing hook `AtEndAfterFileList' on input line 507.
Package rerunfilecheck Info: File `final_report.out' has not changed.
(rerunfilecheck)             Checksum: 207DC0A8561C35DD29ED59BE1A5B2336;2444.


LaTeX Font Warning: Size substitutions with differences
(Font)              up to 1.26pt have occurred.


LaTeX Warning: There were undefined references.


LaTeX Warning: Label(s) may have changed. Rerun to get cross-references right.


Package biblatex Warning: Please (re)run Biber on the file:
(biblatex)                final_report
(biblatex)                and rerun LaTeX afterwards.

Package logreq Info: Writing requests to 'final_report.run.xml'.
\openout1 = `final_report.run.xml'.

Package atveryend Info: Empty hook `AtVeryVeryEnd' on input line 507.
 ) 
Here is how much of TeX's memory you used:
 14289 strings out of 493304
 226295 string characters out of 6139871
 654586 words of memory out of 5000000
 17341 multiletter control sequences out of 15000+600000
 11235 words of font info for 44 fonts, out of 8000000 for 9000
 957 hyphenation exceptions out of 8191
 68i,11n,98p,1439b,801s stack positions out of 5000i,500n,10000p,200000b,80000s
</usr/share/texlive/texmf-dist/fonts/type1/public/amsfonts/cm/cmbx12.pfb></us
r/share/texlive/texmf-dist/fonts/type1/public/amsfonts/cm/cmex10.pfb></usr/shar
e/texlive/texmf-dist/fonts/type1/public/amsfonts/cm/cmmi12.pfb></usr/share/texl
ive/texmf-dist/fonts/type1/public/amsfonts/cm/cmmi8.pfb></usr/share/texlive/tex
mf-dist/fonts/type1/public/amsfonts/cm/cmr12.pfb></usr/share/texlive/texmf-dist
/fonts/type1/public/amsfonts/cm/cmr6.pfb></usr/share/texlive/texmf-dist/fonts/t
ype1/public/amsfonts/cm/cmr8.pfb></usr/share/texlive/texmf-dist/fonts/type1/pub
lic/amsfonts/cm/cmsy10.pfb></usr/share/texlive/texmf-dist/fonts/type1/public/am
sfonts/cm/cmsy6.pfb></usr/share/texlive/texmf-dist/fonts/type1/public/amsfonts/
cm/cmsy8.pfb></usr/share/texlive/texmf-dist/fonts/type1/public/amsfonts/cm/cmti
12.pfb></usr/share/texlive/texmf-dist/fonts/type1/public/amsfonts/cm/cmtt12.pfb
></usr/share/texlive/texmf-dist/fonts/type1/public/amsfonts/symbols/msbm10.pfb>

Output written on final_report.pdf (30 pages, 2828460 bytes).
PDF statistics:
 614 PDF objects out of 1000 (max. 8388607)
 526 compressed objects within 6 object streams
 170 named destinations out of 1000 (max. 500000)
 420 words of extra memory for PDF output out of 10000 (max. 10000000)

