This is pdfTeX, Version 3.1415926-2.5-1.40.14 (TeX Live 2013/Debian) (format=pdflatex 2015.4.26)  28 SEP 2015 18:16
entering extended mode
 \write18 enabled.
 %&-line parsing enabled.
**report_iitkgp.tex
(./report_iitkgp.tex
LaTeX2e <2011/06/27>
Babel <3.9h> and hyphenation patterns for 78 languages loaded.
(/usr/share/texlive/texmf-dist/tex/latex/base/article.cls
Document Class: article 2007/10/19 v1.4h Standard LaTeX document class
(/usr/share/texlive/texmf-dist/tex/latex/base/size12.clo
File: size12.clo 2007/10/19 v1.4h Standard LaTeX file (size option)
)
\c@part=\count79
\c@section=\count80
\c@subsection=\count81
\c@subsubsection=\count82
\c@paragraph=\count83
\c@subparagraph=\count84
\c@figure=\count85
\c@table=\count86
\abovecaptionskip=\skip41
\belowcaptionskip=\skip42
\bibindent=\dimen102
)
(/usr/share/texlive/texmf-dist/tex/latex/amsmath/amsmath.sty
Package: amsmath 2013/01/14 v2.14 AMS math features
\@mathmargin=\skip43

For additional information on amsmath, use the `?' option.
(/usr/share/texlive/texmf-dist/tex/latex/amsmath/amstext.sty
Package: amstext 2000/06/29 v2.01

(/usr/share/texlive/texmf-dist/tex/latex/amsmath/amsgen.sty
File: amsgen.sty 1999/11/30 v2.0
\@emptytoks=\toks14
\ex@=\dimen103
))
(/usr/share/texlive/texmf-dist/tex/latex/amsmath/amsbsy.sty
Package: amsbsy 1999/11/29 v1.2d
\pmbraise@=\dimen104
)
(/usr/share/texlive/texmf-dist/tex/latex/amsmath/amsopn.sty
Package: amsopn 1999/12/14 v2.01 operator names
)
\inf@bad=\count87
LaTeX Info: Redefining \frac on input line 210.
\uproot@=\count88
\leftroot@=\count89
LaTeX Info: Redefining \overline on input line 306.
\classnum@=\count90
\DOTSCASE@=\count91
LaTeX Info: Redefining \ldots on input line 378.
LaTeX Info: Redefining \dots on input line 381.
LaTeX Info: Redefining \cdots on input line 466.
\Mathstrutbox@=\box26
\strutbox@=\box27
\big@size=\dimen105
LaTeX Font Info:    Redeclaring font encoding OML on input line 566.
LaTeX Font Info:    Redeclaring font encoding OMS on input line 567.
\macc@depth=\count92
\c@MaxMatrixCols=\count93
\dotsspace@=\muskip10
\c@parentequation=\count94
\dspbrk@lvl=\count95
\tag@help=\toks15
\row@=\count96
\column@=\count97
\maxfields@=\count98
\andhelp@=\toks16
\eqnshift@=\dimen106
\alignsep@=\dimen107
\tagshift@=\dimen108
\tagwidth@=\dimen109
\totwidth@=\dimen110
\lineht@=\dimen111
\@envbody=\toks17
\multlinegap=\skip44
\multlinetaggap=\skip45
\mathdisplay@stack=\toks18
LaTeX Info: Redefining \[ on input line 2665.
LaTeX Info: Redefining \] on input line 2666.
)
(/usr/share/texlive/texmf-dist/tex/latex/amscls/amsthm.sty
Package: amsthm 2004/08/06 v2.20
\thm@style=\toks19
\thm@bodyfont=\toks20
\thm@headfont=\toks21
\thm@notefont=\toks22
\thm@headpunct=\toks23
\thm@preskip=\skip46
\thm@postskip=\skip47
\thm@headsep=\skip48
\dth@everypar=\toks24
)
(/usr/share/texlive/texmf-dist/tex/generic/babel/babel.sty
Package: babel 2013/12/03 3.9h The Babel package

(/usr/share/texlive/texmf-dist/tex/generic/babel-english/english.ldf
Language: english 2012/08/20 v3.3p English support from the babel system

(/usr/share/texlive/texmf-dist/tex/generic/babel/babel.def
File: babel.def 2013/12/03 3.9h Babel common definitions
\babel@savecnt=\count99
\U@D=\dimen112
)
\l@canadian = a dialect from \language\l@american 
\l@australian = a dialect from \language\l@british 
\l@newzealand = a dialect from \language\l@british 
))
(/usr/share/texlive/texmf-dist/tex/latex/graphics/graphicx.sty
Package: graphicx 1999/02/16 v1.0f Enhanced LaTeX Graphics (DPC,SPQR)

(/usr/share/texlive/texmf-dist/tex/latex/graphics/keyval.sty
Package: keyval 1999/03/16 v1.13 key=value parser (DPC)
\KV@toks@=\toks25
)
(/usr/share/texlive/texmf-dist/tex/latex/graphics/graphics.sty
Package: graphics 2009/02/05 v1.0o Standard LaTeX Graphics (DPC,SPQR)

(/usr/share/texlive/texmf-dist/tex/latex/graphics/trig.sty
Package: trig 1999/03/16 v1.09 sin cos tan (DPC)
)
(/usr/share/texlive/texmf-dist/tex/latex/latexconfig/graphics.cfg
File: graphics.cfg 2010/04/23 v1.9 graphics configuration of TeX Live
)
Package graphics Info: Driver file: pdftex.def on input line 91.

(/usr/share/texlive/texmf-dist/tex/latex/pdftex-def/pdftex.def
File: pdftex.def 2011/05/27 v0.06d Graphics/color for pdfTeX

(/usr/share/texlive/texmf-dist/tex/generic/oberdiek/infwarerr.sty
Package: infwarerr 2010/04/08 v1.3 Providing info/warning/error messages (HO)
)
(/usr/share/texlive/texmf-dist/tex/generic/oberdiek/ltxcmds.sty
Package: ltxcmds 2011/11/09 v1.22 LaTeX kernel commands for general use (HO)
)
\Gread@gobject=\count100
))
\Gin@req@height=\dimen113
\Gin@req@width=\dimen114
)
(/usr/share/texlive/texmf-dist/tex/latex/amsfonts/amssymb.sty
Package: amssymb 2013/01/14 v3.01 AMS font symbols

(/usr/share/texlive/texmf-dist/tex/latex/amsfonts/amsfonts.sty
Package: amsfonts 2013/01/14 v3.01 Basic AMSFonts support
\symAMSa=\mathgroup4
\symAMSb=\mathgroup5
LaTeX Font Info:    Overwriting math alphabet `\mathfrak' in version `bold'
(Font)                  U/euf/m/n --> U/euf/b/n on input line 106.
))
(/usr/share/texlive/texmf-dist/tex/latex/tools/calc.sty
Package: calc 2007/08/22 v4.3 Infix arithmetic (KKT,FJ)
\calc@Acount=\count101
\calc@Bcount=\count102
\calc@Adimen=\dimen115
\calc@Bdimen=\dimen116
\calc@Askip=\skip49
\calc@Bskip=\skip50
LaTeX Info: Redefining \setlength on input line 76.
LaTeX Info: Redefining \addtolength on input line 77.
\calc@Ccount=\count103
\calc@Cskip=\skip51
)
(/usr/share/texlive/texmf-dist/tex/latex/rotating/rotating.sty
Package: rotating 2009/03/28 v2.16a rotated objects in LaTeX

(/usr/share/texlive/texmf-dist/tex/latex/base/ifthen.sty
Package: ifthen 2001/05/26 v1.1c Standard LaTeX ifthen package (DPC)
)
\c@r@tfl@t=\count104
\rotFPtop=\skip52
\rotFPbot=\skip53
\rot@float@box=\box28
\rot@mess@toks=\toks26
)
(/usr/share/texlive/texmf-dist/tex/latex/graphics/color.sty
Package: color 2005/11/14 v1.0j Standard LaTeX Color (DPC)

(/usr/share/texlive/texmf-dist/tex/latex/latexconfig/color.cfg
File: color.cfg 2007/01/18 v1.5 color configuration of teTeX/TeXLive
)
Package color Info: Driver file: pdftex.def on input line 130.

(/usr/share/texlive/texmf-dist/tex/latex/graphics/dvipsnam.def
File: dvipsnam.def 1999/02/16 v3.0i Driver-dependant file (DPC,SPQR)
))
(/usr/share/texlive/texmf-dist/tex/latex/fancyhdr/fancyhdr.sty
\fancy@headwidth=\skip54
\f@ncyO@elh=\skip55
\f@ncyO@erh=\skip56
\f@ncyO@olh=\skip57
\f@ncyO@orh=\skip58
\f@ncyO@elf=\skip59
\f@ncyO@erf=\skip60
\f@ncyO@olf=\skip61
\f@ncyO@orf=\skip62
)
(/usr/share/texlive/texmf-dist/tex/latex/hyperref/hyperref.sty
Package: hyperref 2012/11/06 v6.83m Hypertext links for LaTeX

(/usr/share/texlive/texmf-dist/tex/generic/oberdiek/hobsub-hyperref.sty
Package: hobsub-hyperref 2012/05/28 v1.13 Bundle oberdiek, subset hyperref (HO)


(/usr/share/texlive/texmf-dist/tex/generic/oberdiek/hobsub-generic.sty
Package: hobsub-generic 2012/05/28 v1.13 Bundle oberdiek, subset generic (HO)
Package: hobsub 2012/05/28 v1.13 Construct package bundles (HO)
Package hobsub Info: Skipping package `infwarerr' (already loaded).
Package hobsub Info: Skipping package `ltxcmds' (already loaded).
Package: ifluatex 2010/03/01 v1.3 Provides the ifluatex switch (HO)
Package ifluatex Info: LuaTeX not detected.
Package: ifvtex 2010/03/01 v1.5 Detect VTeX and its facilities (HO)
Package ifvtex Info: VTeX not detected.
Package: intcalc 2007/09/27 v1.1 Expandable calculations with integers (HO)
Package: ifpdf 2011/01/30 v2.3 Provides the ifpdf switch (HO)
Package ifpdf Info: pdfTeX in PDF mode is detected.
Package: etexcmds 2011/02/16 v1.5 Avoid name clashes with e-TeX commands (HO)
Package etexcmds Info: Could not find \expanded.
(etexcmds)             That can mean that you are not using pdfTeX 1.50 or
(etexcmds)             that some package has redefined \expanded.
(etexcmds)             In the latter case, load this package earlier.
Package: kvsetkeys 2012/04/25 v1.16 Key value parser (HO)
Package: kvdefinekeys 2011/04/07 v1.3 Define keys (HO)
Package: pdftexcmds 2011/11/29 v0.20 Utility functions of pdfTeX for LuaTeX (HO
)
Package pdftexcmds Info: LuaTeX not detected.
Package pdftexcmds Info: \pdf@primitive is available.
Package pdftexcmds Info: \pdf@ifprimitive is available.
Package pdftexcmds Info: \pdfdraftmode found.
Package: pdfescape 2011/11/25 v1.13 Implements pdfTeX's escape features (HO)
Package: bigintcalc 2012/04/08 v1.3 Expandable calculations on big integers (HO
)
Package: bitset 2011/01/30 v1.1 Handle bit-vector datatype (HO)
Package: uniquecounter 2011/01/30 v1.2 Provide unlimited unique counter (HO)
)
Package hobsub Info: Skipping package `hobsub' (already loaded).
Package: letltxmacro 2010/09/02 v1.4 Let assignment for LaTeX macros (HO)
Package: hopatch 2012/05/28 v1.2 Wrapper for package hooks (HO)
Package: xcolor-patch 2011/01/30 xcolor patch
Package: atveryend 2011/06/30 v1.8 Hooks at the very end of document (HO)
Package atveryend Info: \enddocument detected (standard20110627).
Package: atbegshi 2011/10/05 v1.16 At begin shipout hook (HO)
Package: refcount 2011/10/16 v3.4 Data extraction from label references (HO)
Package: hycolor 2011/01/30 v1.7 Color options for hyperref/bookmark (HO)
)
(/usr/share/texlive/texmf-dist/tex/generic/ifxetex/ifxetex.sty
Package: ifxetex 2010/09/12 v0.6 Provides ifxetex conditional
)
(/usr/share/texlive/texmf-dist/tex/latex/oberdiek/auxhook.sty
Package: auxhook 2011/03/04 v1.3 Hooks for auxiliary files (HO)
)
(/usr/share/texlive/texmf-dist/tex/latex/oberdiek/kvoptions.sty
Package: kvoptions 2011/06/30 v3.11 Key value format for package options (HO)
)
\@linkdim=\dimen117
\Hy@linkcounter=\count105
\Hy@pagecounter=\count106

(/usr/share/texlive/texmf-dist/tex/latex/hyperref/pd1enc.def
File: pd1enc.def 2012/11/06 v6.83m Hyperref: PDFDocEncoding definition (HO)
)
\Hy@SavedSpaceFactor=\count107

(/usr/share/texlive/texmf-dist/tex/latex/latexconfig/hyperref.cfg
File: hyperref.cfg 2002/06/06 v1.2 hyperref configuration of TeXLive
)
Package hyperref Info: Hyper figures OFF on input line 4443.
Package hyperref Info: Link nesting OFF on input line 4448.
Package hyperref Info: Hyper index ON on input line 4451.
Package hyperref Info: Plain pages OFF on input line 4458.
Package hyperref Info: Backreferencing OFF on input line 4463.
Package hyperref Info: Implicit mode ON; LaTeX internals redefined.
Package hyperref Info: Bookmarks ON on input line 4688.
\c@Hy@tempcnt=\count108

(/usr/share/texlive/texmf-dist/tex/latex/url/url.sty
\Urlmuskip=\muskip11
Package: url 2013/09/16  ver 3.4  Verb mode for urls, etc.
)
LaTeX Info: Redefining \url on input line 5041.
\XeTeXLinkMargin=\dimen118
\Fld@menulength=\count109
\Field@Width=\dimen119
\Fld@charsize=\dimen120
Package hyperref Info: Hyper figures OFF on input line 6295.
Package hyperref Info: Link nesting OFF on input line 6300.
Package hyperref Info: Hyper index ON on input line 6303.
Package hyperref Info: backreferencing OFF on input line 6310.
Package hyperref Info: Link coloring OFF on input line 6315.
Package hyperref Info: Link coloring with OCG OFF on input line 6320.
Package hyperref Info: PDF/A mode OFF on input line 6325.
LaTeX Info: Redefining \ref on input line 6365.
LaTeX Info: Redefining \pageref on input line 6369.
\Hy@abspage=\count110
\c@Item=\count111
\c@Hfootnote=\count112
)

Package hyperref Message: Driver (autodetected): hpdftex.

(/usr/share/texlive/texmf-dist/tex/latex/hyperref/hpdftex.def
File: hpdftex.def 2012/11/06 v6.83m Hyperref driver for pdfTeX
\Fld@listcount=\count113
\c@bookmark@seq@number=\count114

(/usr/share/texlive/texmf-dist/tex/latex/oberdiek/rerunfilecheck.sty
Package: rerunfilecheck 2011/04/15 v1.7 Rerun checks for auxiliary files (HO)
Package uniquecounter Info: New unique counter `rerunfilecheck' on input line 2
82.
)
\Hy@SectionHShift=\skip63
)
(/usr/share/texlive/texmf-dist/tex/latex/tools/longtable.sty
Package: longtable 2004/02/01 v4.11 Multi-page Table package (DPC)
\LTleft=\skip64
\LTright=\skip65
\LTpre=\skip66
\LTpost=\skip67
\LTchunksize=\count115
\LTcapwidth=\dimen121
\LT@head=\box29
\LT@firsthead=\box30
\LT@foot=\box31
\LT@lastfoot=\box32
\LT@cols=\count116
\LT@rows=\count117
\c@LT@tables=\count118
\c@LT@chunks=\count119
\LT@p@ftn=\toks27
)
(/usr/share/texlive/texmf-dist/tex/latex/svg/svg.sty
Package: svg 2012/09/05 v1.0 SVG inclusion and extraction

(/usr/share/texlive/texmf-dist/tex/latex/xkeyval/xkeyval.sty
Package: xkeyval 2012/10/14 v2.6b package option processing (HA)

(/usr/share/texlive/texmf-dist/tex/generic/xkeyval/xkeyval.tex
\XKV@toks=\toks28
\XKV@tempa@toks=\toks29
\XKV@depth=\count120
File: xkeyval.tex 2012/10/14 v2.6b key=value parser (HA)
))
(/usr/share/texlive/texmf-dist/tex/latex/subfig/subfig.sty
Package: subfig 2005/06/28 ver: 1.3 subfig package

(/usr/share/texlive/texmf-dist/tex/latex/caption/caption.sty
Package: caption 2013/05/02 v3.3-89 Customizing captions (AR)

(/usr/share/texlive/texmf-dist/tex/latex/caption/caption3.sty
Package: caption3 2013/05/02 v1.6-88 caption3 kernel (AR)
Package caption3 Info: TeX engine: e-TeX on input line 57.
\captionmargin=\dimen122
\captionmargin@=\dimen123
\captionwidth=\dimen124
\caption@tempdima=\dimen125
\caption@indent=\dimen126
\caption@parindent=\dimen127
\caption@hangindent=\dimen128
)
\c@ContinuedFloat=\count121
Package caption Info: hyperref package is loaded.
Package caption Info: longtable package is loaded.

(/usr/share/texlive/texmf-dist/tex/latex/caption/ltcaption.sty
Package: ltcaption 2013/02/03 v1.3-62 longtable captions (AR)
)
Package caption Info: rotating package is loaded.
)
\c@KVtest=\count122
\sf@farskip=\skip68
\sf@captopadj=\dimen129
\sf@capskip=\skip69
\sf@nearskip=\skip70
\c@subfigure=\count123
\c@subfigure@save=\count124
\c@lofdepth=\count125
\c@subtable=\count126
\c@subtable@save=\count127
\c@lotdepth=\count128
\sf@top=\skip71
\sf@bottom=\skip72
)
(/usr/share/texlive/texmf-dist/tex/latex/import/import.sty
Package: import 2009/03/23  v 5.1
)
(/usr/share/texlive/texmf-dist/tex/latex/oberdiek/transparent.sty
Package: transparent 2007/01/08 v1.0 Transparency via pdfTeX's color stack (HO)

)
(/usr/share/texmf/tex/latex/xcolor/xcolor.sty
Package: xcolor 2007/01/21 v2.11 LaTeX color extensions (UK)

(/usr/share/texlive/texmf-dist/tex/latex/latexconfig/color.cfg
File: color.cfg 2007/01/18 v1.5 color configuration of teTeX/TeXLive
)
Package xcolor Info: Driver file: pdftex.def on input line 225.
LaTeX Info: Redefining \color on input line 702.
Package xcolor Info: Model `cmy' substituted by `cmy0' on input line 1337.
Package xcolor Info: Model `hsb' substituted by `rgb' on input line 1341.
Package xcolor Info: Model `RGB' extended on input line 1353.
Package xcolor Info: Model `HTML' substituted by `rgb' on input line 1355.
Package xcolor Info: Model `Hsb' substituted by `hsb' on input line 1356.
Package xcolor Info: Model `tHsb' substituted by `hsb' on input line 1357.
Package xcolor Info: Model `HSB' substituted by `hsb' on input line 1358.
Package xcolor Info: Model `Gray' substituted by `gray' on input line 1359.
Package xcolor Info: Model `wave' substituted by `hsb' on input line 1360.
)
\SVG@out@width=\skip73
\SVG@out@height=\skip74
\c@svgfigure=\count129
)
(/usr/share/texlive/texmf-dist/tex/latex/float/float.sty
Package: float 2001/11/08 v1.3d Float enhancements (AL)
\c@float@type=\count130
\float@exts=\toks30
\float@box=\box33
\@float@everytoks=\toks31
\@floatcapt=\box34
)
(/usr/share/texlive/texmf-dist/tex/latex/biblatex/biblatex.sty
Package: biblatex 2013/11/25 v2.8a programmable bibliographies (PK/JW/AB)


Package biblatex Warning: No "backend" specified, using Biber backend.
(biblatex)                To use BibTeX, load biblatex with 
(biblatex)                the "backend=bibtex" option.

(/usr/share/texlive/texmf-dist/tex/latex/biblatex/biblatex2.sty
Package: biblatex2 2013/11/25 v2.8a programmable bibliographies (biber) (PK/JW/
AB)

(/usr/share/texlive/texmf-dist/tex/latex/etoolbox/etoolbox.sty
Package: etoolbox 2011/01/03 v2.1 e-TeX tools for LaTeX

(/usr/share/texlive/texmf-dist/tex/latex/etex-pkg/etex.sty
Package: etex 1998/03/26 v2.0 eTeX basic definition package (PEB)
\et@xins=\count131
)
\etb@tempcnta=\count132
)
(/usr/share/texlive/texmf-dist/tex/latex/logreq/logreq.sty
Package: logreq 2010/08/04 v1.0 xml request logger
\lrq@indent=\count133

(/usr/share/texlive/texmf-dist/tex/latex/logreq/logreq.def
File: logreq.def 2010/08/04 v1.0 logreq spec v1.0
))
\c@tabx@nest=\count134
\c@listtotal=\count135
\c@listcount=\count136
\c@liststart=\count137
\c@liststop=\count138
\c@citecount=\count139
\c@citetotal=\count140
\c@multicitecount=\count141
\c@multicitetotal=\count142
\c@instcount=\count143
\c@maxnames=\count144
\c@minnames=\count145
\c@maxitems=\count146
\c@minitems=\count147
\c@citecounter=\count148
\c@savedcitecounter=\count149
\c@uniquelist=\count150
\c@uniquename=\count151
\c@refsection=\count152
\c@refsegment=\count153
\c@maxextratitle=\count154
\c@maxextratitleyear=\count155
\c@maxextrayear=\count156
\c@maxextraalpha=\count157
\c@abbrvpenalty=\count158
\c@highnamepenalty=\count159
\c@lownamepenalty=\count160
\c@maxparens=\count161
\c@parenlevel=\count162
\blx@tempcnta=\count163
\blx@tempcntb=\count164
\blx@tempcntc=\count165
\blx@maxsection=\count166
\blx@maxsegment@0=\count167
\blx@notetype=\count168
\blx@parenlevel@text=\count169
\blx@parenlevel@foot=\count170
\blx@sectionciteorder@0=\count171
\labelnumberwidth=\skip75
\labelalphawidth=\skip76
\shorthandwidth=\skip77
\biblabelsep=\skip78
\bibitemsep=\skip79
\bibnamesep=\skip80
\bibinitsep=\skip81
\bibparsep=\skip82
\bibhang=\skip83
\blx@bcfin=\read1
\blx@bcfout=\write3
\c@mincomprange=\count172
\c@maxcomprange=\count173
\c@mincompwidth=\count174
Package biblatex Info: Trying to load biblatex default data model...
Package biblatex Info: ... file 'blx-dm.def' found.

(/usr/share/texlive/texmf-dist/tex/latex/biblatex/blx-dm.def)
Package biblatex Info: Trying to load biblatex style data model...
Package biblatex Info: ... file 'numeric-comp.dbx' not found.
Package biblatex Info: Trying to load biblatex custom data model...
Package biblatex Info: ... file 'biblatex-dm.cfg' not found.
\c@afterword=\count175
\c@savedafterword=\count176
\c@annotator=\count177
\c@savedannotator=\count178
\c@author=\count179
\c@savedauthor=\count180
\c@bookauthor=\count181
\c@savedbookauthor=\count182
\c@commentator=\count183
\c@savedcommentator=\count184
\c@editor=\count185
\c@savededitor=\count186
\c@editora=\count187
\c@savededitora=\count188
\c@editorb=\count189
\c@savededitorb=\count190
\c@editorc=\count191
\c@savededitorc=\count192
\c@foreword=\count193
\c@savedforeword=\count194
\c@holder=\count195
\c@savedholder=\count196
\c@introduction=\count197
\c@savedintroduction=\count198
\c@namea=\count199
\c@savednamea=\count200
\c@nameb=\count201
\c@savednameb=\count202
\c@namec=\count203
\c@savednamec=\count204
\c@shortauthor=\count205
\c@savedshortauthor=\count206
\c@shorteditor=\count207
\c@savedshorteditor=\count208
\c@translator=\count209
\c@savedtranslator=\count210
\c@labelname=\count211
\c@savedlabelname=\count212
\c@institution=\count213
\c@savedinstitution=\count214
\c@lista=\count215
\c@savedlista=\count216
\c@listb=\count217
\c@savedlistb=\count218
\c@listc=\count219
\c@savedlistc=\count220
\c@listd=\count221
\c@savedlistd=\count222
\c@liste=\count223
\c@savedliste=\count224
\c@listf=\count225
\c@savedlistf=\count226
\c@location=\count227
\c@savedlocation=\count228
\c@organization=\count229
\c@savedorganization=\count230
\c@origlocation=\count231
\c@savedoriglocation=\count232
\c@origpublisher=\count233
Normal \count register pool exhausted, switching to extended pool.
\c@savedorigpublisher=\count277
\c@publisher=\count278
\c@savedpublisher=\count279
\c@language=\count280
\c@savedlanguage=\count281
\c@pageref=\count282
\c@savedpageref=\count283
Package biblatex Info: Trying to load compatibility code...
Package biblatex Info: ... file 'blx-compat.def' found.

(/usr/share/texlive/texmf-dist/tex/latex/biblatex/blx-compat.def
File: blx-compat.def 2013/11/25 v2.8a biblatex compatibility (PK/JW/AB)
)
Package biblatex Info: Trying to load generic definitions...
Package biblatex Info: ... file 'biblatex.def' found.

(/usr/share/texlive/texmf-dist/tex/latex/biblatex/biblatex.def
File: biblatex.def 
\c@textcitecount=\count284
\c@textcitetotal=\count285
\c@textcitemaxnames=\count286
\c@biburlnumpenalty=\count287
\c@biburlucpenalty=\count288
\c@biburllcpenalty=\count289
\c@smartand=\count290
)
Package biblatex Info: Trying to load bibliography style 'numeric-comp'...
Package biblatex Info: ... file 'numeric-comp.bbx' found.

(/usr/share/texlive/texmf-dist/tex/latex/biblatex/bbx/numeric-comp.bbx
File: numeric-comp.bbx 2013/11/25 v2.8a biblatex bibliography style (PK/JW/AB)
Package biblatex Info: Trying to load bibliography style 'numeric'...
Package biblatex Info: ... file 'numeric.bbx' found.

(/usr/share/texlive/texmf-dist/tex/latex/biblatex/bbx/numeric.bbx
File: numeric.bbx 2013/11/25 v2.8a biblatex bibliography style (PK/JW/AB)
Package biblatex Info: Trying to load bibliography style 'standard'...
Package biblatex Info: ... file 'standard.bbx' found.

(/usr/share/texlive/texmf-dist/tex/latex/biblatex/bbx/standard.bbx
File: standard.bbx 2013/11/25 v2.8a biblatex bibliography style (PK/JW/AB)
\c@bbx:relatedcount=\count291
\c@bbx:relatedtotal=\count292
)))
Package biblatex Info: Trying to load citation style 'numeric-comp'...
Package biblatex Info: ... file 'numeric-comp.cbx' found.

(/usr/share/texlive/texmf-dist/tex/latex/biblatex/cbx/numeric-comp.cbx
File: numeric-comp.cbx 2013/11/25 v2.8a biblatex citation style (PK/JW/AB)
\c@cbx@tempcnta=\count293
\c@cbx@tempcntb=\count294
Package biblatex Info: Redefining '\cite'.
Package biblatex Info: Redefining '\parencite'.
Package biblatex Info: Redefining '\footcite'.
Package biblatex Info: Redefining '\footcitetext'.
Package biblatex Info: Redefining '\smartcite'.
Package biblatex Info: Redefining '\supercite'.
Package biblatex Info: Redefining '\textcite'.
Package biblatex Info: Redefining '\textcites'.
Package biblatex Info: Redefining '\cites'.
Package biblatex Info: Redefining '\parencites'.
Package biblatex Info: Redefining '\smartcites'.
)
Package biblatex Info: Trying to load configuration file...
Package biblatex Info: ... file 'biblatex.cfg' found.

(/usr/share/texlive/texmf-dist/tex/latex/biblatex/biblatex.cfg
File: biblatex.cfg 
)))
Package hyperref Info: Option `colorlinks' set `true' on input line 40.
Package biblatex Info: Trying to load language 'english'...
Package biblatex Info: ... file 'english.lbx' found.

(/usr/share/texlive/texmf-dist/tex/latex/biblatex/lbx/english.lbx
File: english.lbx 2013/11/25 v2.8a biblatex localization (PK/JW/AB)
)

Package biblatex Warning: 'babel/polyglossia' detected but 'csquotes' missing.
(biblatex)                Loading 'csquotes' recommended.

\@quotelevel=\count295
\@quotereset=\count296
(./report_iitkgp.aux)
\openout1 = `report_iitkgp.aux'.

LaTeX Font Info:    Checking defaults for OML/cmm/m/it on input line 44.
LaTeX Font Info:    ... okay on input line 44.
LaTeX Font Info:    Checking defaults for T1/cmr/m/n on input line 44.
LaTeX Font Info:    ... okay on input line 44.
LaTeX Font Info:    Checking defaults for OT1/cmr/m/n on input line 44.
LaTeX Font Info:    ... okay on input line 44.
LaTeX Font Info:    Checking defaults for OMS/cmsy/m/n on input line 44.
LaTeX Font Info:    ... okay on input line 44.
LaTeX Font Info:    Checking defaults for OMX/cmex/m/n on input line 44.
LaTeX Font Info:    ... okay on input line 44.
LaTeX Font Info:    Checking defaults for U/cmr/m/n on input line 44.
LaTeX Font Info:    ... okay on input line 44.
LaTeX Font Info:    Checking defaults for PD1/pdf/m/n on input line 44.
LaTeX Font Info:    ... okay on input line 44.

(/usr/share/texlive/texmf-dist/tex/context/base/supp-pdf.mkii
[Loading MPS to PDF converter (version 2006.09.02).]
\scratchcounter=\count297
\scratchdimen=\dimen130
\scratchbox=\box35
\nofMPsegments=\count298
\nofMParguments=\count299
\everyMPshowfont=\toks32
\MPscratchCnt=\count300
\MPscratchDim=\dimen131
\MPnumerator=\count301
\makeMPintoPDFobject=\count302
\everyMPtoPDFconversion=\toks33
) (/usr/share/texlive/texmf-dist/tex/latex/oberdiek/epstopdf-base.sty
Package: epstopdf-base 2010/02/09 v2.5 Base part for package epstopdf

(/usr/share/texlive/texmf-dist/tex/latex/oberdiek/grfext.sty
Package: grfext 2010/08/19 v1.1 Manage graphics extensions (HO)
)
Package grfext Info: Graphics extension search list:
(grfext)             [.png,.pdf,.jpg,.mps,.jpeg,.jbig2,.jb2,.PNG,.PDF,.JPG,.JPE
G,.JBIG2,.JB2,.eps]
(grfext)             \AppendGraphicsExtensions on input line 452.

(/usr/share/texlive/texmf-dist/tex/latex/latexconfig/epstopdf-sys.cfg
File: epstopdf-sys.cfg 2010/07/13 v1.3 Configuration of (r)epstopdf for TeX Liv
e
))
\AtBeginShipoutBox=\box36
Package hyperref Info: Link coloring ON on input line 44.

(/usr/share/texlive/texmf-dist/tex/latex/hyperref/nameref.sty
Package: nameref 2012/10/27 v2.43 Cross-referencing by name of section

(/usr/share/texlive/texmf-dist/tex/generic/oberdiek/gettitlestring.sty
Package: gettitlestring 2010/12/03 v1.4 Cleanup title references (HO)
)
\c@section@level=\count303
)
LaTeX Info: Redefining \ref on input line 44.
LaTeX Info: Redefining \pageref on input line 44.
LaTeX Info: Redefining \nameref on input line 44.

(./report_iitkgp.out) (./report_iitkgp.out)
\@outlinefile=\write4
\openout4 = `report_iitkgp.out'.

Package caption Info: Begin \AtBeginDocument code.
Package caption Info: subfig package v1.3 is loaded.
Package caption Info: float package is loaded.
Package caption Info: End \AtBeginDocument code.
Package biblatex Info: No input encoding detected.
(biblatex)             Assuming 'ascii'.
Package biblatex Info: Automatic encoding selection.
(biblatex)             Assuming data encoding 'ascii'.
\openout3 = `report_iitkgp.bcf'.

Package biblatex Info: Trying to load bibliographic data...
Package biblatex Info: ... file 'report_iitkgp.bbl' not found.

No file report_iitkgp.bbl.
Package biblatex Info: Reference section=0 on input line 44.
Package biblatex Info: Reference segment=0 on input line 44.

LaTeX Font Warning: Font shape `OT1/cmr/bx/sc' undefined
(Font)              using `OT1/cmr/bx/n' instead on input line 57.


Overfull \hbox (10.94965pt too wide) in paragraph at lines 63--76
[]  [] 
 []

<images/logo.jpg, id=144, 380.36842pt x 429.81631pt>
File: images/logo.jpg Graphic file (type jpg)
 <use images/logo.jpg>
Package pdftex.def Info: images/logo.jpg used on input line 81.
(pdftex.def)             Requested size: 76.07233pt x 85.96173pt.

[1

{/var/lib/texmf/fonts/map/pdftex/updmap/pdftex.map} <./images/logo.jpg>]
Underfull \hbox (badness 10000) in paragraph at lines 85--86

 []


Underfull \hbox (badness 10000) in paragraph at lines 89--93

 []


Underfull \hbox (badness 10000) in paragraph at lines 89--93

 []


Underfull \hbox (badness 10000) in paragraph at lines 89--93

 []


Underfull \hbox (badness 10000) in paragraph at lines 89--93

 []


Underfull \hbox (badness 10000) in paragraph at lines 89--93

 []


Underfull \hbox (badness 10000) in paragraph at lines 89--93

 []


Underfull \hbox (badness 10000) in paragraph at lines 89--93

 []


Underfull \hbox (badness 10000) in paragraph at lines 89--93

 []


Underfull \hbox (badness 10000) in paragraph at lines 89--93

 []


Underfull \hbox (badness 10000) in paragraph at lines 89--93

 []


Underfull \hbox (badness 10000) in paragraph at lines 89--93

 []


Underfull \hbox (badness 10000) in paragraph at lines 89--93

 []


Underfull \hbox (badness 10000) in paragraph at lines 89--93

 []


Underfull \hbox (badness 10000) in paragraph at lines 89--93

 []


Underfull \hbox (badness 10000) in paragraph at lines 89--93

 []


Underfull \hbox (badness 10000) in paragraph at lines 89--93

 []

pdfTeX warning (ext4): destination with the same identifier (name{page.1}) has 
been already used, duplicate ignored
<to be read again> 
                   \relax 
l.93 \section
             {What is Quantization} [1]
LaTeX Font Info:    Try loading font information for U+msa on input line 99.

(/usr/share/texlive/texmf-dist/tex/latex/amsfonts/umsa.fd
File: umsa.fd 2013/01/14 v3.01 AMS symbols A
)
LaTeX Font Info:    Try loading font information for U+msb on input line 99.

(/usr/share/texlive/texmf-dist/tex/latex/amsfonts/umsb.fd
File: umsb.fd 2013/01/14 v3.01 AMS symbols B
) [2]

LaTeX Warning: Citation 'Examples' on page 3 undefined on input line 108.


LaTeX Warning: Citation 'Kollar' on page 3 undefined on input line 113.


LaTeX Warning: Citation 'Kollar' on page 3 undefined on input line 113.


LaTeX Warning: Citation 'Kollar' on page 3 undefined on input line 120.


LaTeX Warning: Citation 'Kollar' on page 3 undefined on input line 122.

[3]
Underfull \hbox (badness 10000) in paragraph at lines 131--132

 []

[4]

LaTeX Warning: Citation 'Quantization' on page 5 undefined on input line 135.

(./Quantization_Error_Wave.pdf_tex
<Quantization_Error_Wave.pdf, id=191, 269.104pt x 145.937pt>
File: Quantization_Error_Wave.pdf Graphic file (type pdf)

<use Quantization_Error_Wave.pdf>
Package pdftex.def Info: Quantization_Error_Wave.pdf used on input line 52.
(pdftex.def)             Requested size: 269.10399pt x 145.94107pt.
) [5]

LaTeX Warning: Citation 'Git' on page 6 undefined on input line 187.


LaTeX Warning: Citation 'Pandey' on page 6 undefined on input line 189.

[6 <./Quantization_Error_Wave.pdf>]

LaTeX Warning: Citation 'Z transform' on page 7 undefined on input line 192.


LaTeX Warning: Citation 'Oppenheim' on page 7 undefined on input line 193.


LaTeX Warning: Citation 'Oppenheim' on page 7 undefined on input line 197.


LaTeX Warning: Citation 'Rahmanian' on page 7 undefined on input line 197.

[7]

LaTeX Warning: Citation 'Oppenheim' on page 8 undefined on input line 198.


LaTeX Warning: Citation 'Rahmanian' on page 8 undefined on input line 198.


LaTeX Warning: Citation 'T L Chang' on page 8 undefined on input line 199.

[8]

LaTeX Warning: Citation 'Kaiser' on page 9 undefined on input line 231.


LaTeX Warning: Citation 'Oppenheim' on page 9 undefined on input line 234.


LaTeX Warning: Citation 'Oppenheim' on page 9 undefined on input line 234.


LaTeX Warning: Citation 'Kollar' on page 9 undefined on input line 237.


LaTeX Warning: Citation 'Matts' on page 9 undefined on input line 237.


LaTeX Warning: Citation 'Matts' on page 9 undefined on input line 237.


LaTeX Warning: Citation 'Matts' on page 9 undefined on input line 237.


LaTeX Warning: Citation 'Zeng' on page 9 undefined on input line 238.

[9]

LaTeX Warning: Citation 'Chang' on page 10 undefined on input line 250.


LaTeX Warning: Citation 'Mullis' on page 10 undefined on input line 250.


LaTeX Warning: Citation 'Bomar' on page 10 undefined on input line 251.


LaTeX Warning: Citation 'Dehner' on page 10 undefined on input line 251.


LaTeX Warning: Citation 'Dehner' on page 10 undefined on input line 251.


LaTeX Warning: Citation 'Oppenheim' on page 10 undefined on input line 253.


LaTeX Warning: Citation 'Cerna' on page 10 undefined on input line 253.


LaTeX Warning: Citation 'Kanner' on page 10 undefined on input line 253.


LaTeX Warning: Citation 'Welch' on page 10 undefined on input line 253.

[10]

LaTeX Warning: Citation 'LIGO' on page 11 undefined on input line 256.


LaTeX Warning: Citation 'GWD' on page 11 undefined on input line 256.


LaTeX Warning: Citation 'Interferometer' on page 11 undefined on input line 258
.


LaTeX Warning: Citation 'Interferometer' on page 11 undefined on input line 258
.


LaTeX Warning: Citation 'Carbone' on page 11 undefined on input line 258.

[11]

LaTeX Warning: Citation 'Matts' on page 12 undefined on input line 270.


LaTeX Warning: Citation 'Matts' on page 12 undefined on input line 270.


LaTeX Warning: Citation 'Matts' on page 12 undefined on input line 270.

[12]

LaTeX Warning: Citation 'Matts' on page 13 undefined on input line 279.


LaTeX Warning: Citation 'Martynov' on page 13 undefined on input line 280.


LaTeX Warning: Citation 'Martynov2' on page 13 undefined on input line 280.


LaTeX Warning: Citation 'longdouble' on page 13 undefined on input line 281.


LaTeX Warning: Citation 'Martynov' on page 13 undefined on input line 284.

[13]

LaTeX Warning: Citation 'Collection' on page 14 undefined on input line 292.


Overfull \hbox (1.20566pt too wide) in paragraph at lines 291--293
[]\OT1/cmr/m/n/12 One com-plete soft-ware tool was de-vel-oped by in-cor-po-rat
-ing all the changes
 []


Underfull \hbox (badness 10000) in paragraph at lines 291--293

 []

(./H1:HPI-BS_L4CINF_H2_IN1_DQ.pdf_tex
<H1:HPI-BS_L4CINF_H2_IN1_DQ.pdf, id=263, 1096.095pt x 616.70403pt>
File: H1:HPI-BS_L4CINF_H2_IN1_DQ.pdf Graphic file (type pdf)

<use H1:HPI-BS_L4CINF_H2_IN1_DQ.pdf>
Package pdftex.def Info: H1:HPI-BS_L4CINF_H2_IN1_DQ.pdf used on input line 52.
(pdftex.def)             Requested size: 328.83183pt x 185.01263pt.
) (./L1:ISI-ETMX_ST1_FF01_X_IN1_DQ.pdf_tex
<L1:ISI-ETMX_ST1_FF01_X_IN1_DQ.pdf, id=264, 1096.095pt x 616.70403pt>
File: L1:ISI-ETMX_ST1_FF01_X_IN1_DQ.pdf Graphic file (type pdf)

<use L1:ISI-ETMX_ST1_FF01_X_IN1_DQ.pdf>
Package pdftex.def Info: L1:ISI-ETMX_ST1_FF01_X_IN1_DQ.pdf used on input line 5
2.
(pdftex.def)             Requested size: 328.83183pt x 185.01263pt.
) [14]
(./H1:HPI-ITMY_L4CINF_H4_IN1_DQ_SNR.pdf_tex
<H1:HPI-ITMY_L4CINF_H4_IN1_DQ_SNR.pdf, id=276, page=1, 1096.095pt x 616.70403pt
>
File: H1:HPI-ITMY_L4CINF_H4_IN1_DQ_SNR.pdf Graphic file (type pdf)
 <use H1:HPI-ITMY_L4CINF_H4_IN1_DQ_SNR.pdf, page 1>
Package pdftex.def Info: H1:HPI-ITMY_L4CINF_H4_IN1_DQ_SNR.pdf, page1 used on in
put line 52.
(pdftex.def)             Requested size: 328.83183pt x 185.01263pt.

<H1:HPI-ITMY_L4CINF_H4_IN1_DQ_SNR.pdf, id=277, page=2, 1096.095pt x 616.70403pt
>
File: H1:HPI-ITMY_L4CINF_H4_IN1_DQ_SNR.pdf Graphic file (type pdf)
 <use H1:HPI-ITMY_L4CINF_H4_IN1_DQ_SNR.pdf, page 2>
Package pdftex.def Info: H1:HPI-ITMY_L4CINF_H4_IN1_DQ_SNR.pdf, page2 used on in
put line 54.
(pdftex.def)             Requested size: 328.83183pt x 185.01263pt.

<H1:HPI-ITMY_L4CINF_H4_IN1_DQ_SNR.pdf, id=278, page=3, 1096.095pt x 616.70403pt
>
File: H1:HPI-ITMY_L4CINF_H4_IN1_DQ_SNR.pdf Graphic file (type pdf)
 <use H1:HPI-ITMY_L4CINF_H4_IN1_DQ_SNR.pdf, page 3>
Package pdftex.def Info: H1:HPI-ITMY_L4CINF_H4_IN1_DQ_SNR.pdf, page3 used on in
put line 66.
(pdftex.def)             Requested size: 328.83183pt x 185.01263pt.

<H1:HPI-ITMY_L4CINF_H4_IN1_DQ_SNR.pdf, id=279, page=4, 1096.095pt x 616.70403pt
>
File: H1:HPI-ITMY_L4CINF_H4_IN1_DQ_SNR.pdf Graphic file (type pdf)
 <use H1:HPI-ITMY_L4CINF_H4_IN1_DQ_SNR.pdf, page 4>
Package pdftex.def Info: H1:HPI-ITMY_L4CINF_H4_IN1_DQ_SNR.pdf, page4 used on in
put line 79.
(pdftex.def)             Requested size: 328.83183pt x 185.01263pt.

<H1:HPI-ITMY_L4CINF_H4_IN1_DQ_SNR.pdf, id=280, page=5, 1096.095pt x 616.70403pt
>
File: H1:HPI-ITMY_L4CINF_H4_IN1_DQ_SNR.pdf Graphic file (type pdf)
 <use H1:HPI-ITMY_L4CINF_H4_IN1_DQ_SNR.pdf, page 5>
Package pdftex.def Info: H1:HPI-ITMY_L4CINF_H4_IN1_DQ_SNR.pdf, page5 used on in
put line 81.
(pdftex.def)             Requested size: 328.83183pt x 185.01263pt.
) [15 <./H1:HPI-BS_L4CINF_H2_IN1_DQ.pdf> <./L1:ISI-ETMX_ST1_FF01_X_IN1_DQ.pdf

pdfTeX warning: /usr/bin/pdflatex (file ./L1:ISI-ETMX_ST1_FF01_X_IN1_DQ.pdf): P
DF inclusion: multiple pdfs with page group included in a single page
>]

LaTeX Warning: Citation 'Matts' on page 16 undefined on input line 353.

(./H1:LSC-DARM_IN1_DQ.pdf_tex
<H1:LSC-DARM_IN1_DQ.pdf, id=296, 1096.095pt x 616.70403pt>
File: H1:LSC-DARM_IN1_DQ.pdf Graphic file (type pdf)

<use H1:LSC-DARM_IN1_DQ.pdf>
Package pdftex.def Info: H1:LSC-DARM_IN1_DQ.pdf used on input line 52.
(pdftex.def)             Requested size: 328.83183pt x 185.01263pt.
) (./H1:SUS-ETMX_M0_LOCK_P_IN1_DQ.pdf_tex
<H1:SUS-ETMX_M0_LOCK_P_IN1_DQ.pdf, id=298, 1096.095pt x 616.70403pt>
File: H1:SUS-ETMX_M0_LOCK_P_IN1_DQ.pdf Graphic file (type pdf)

<use H1:SUS-ETMX_M0_LOCK_P_IN1_DQ.pdf>
Package pdftex.def Info: H1:SUS-ETMX_M0_LOCK_P_IN1_DQ.pdf used on input line 52
.
(pdftex.def)             Requested size: 328.83183pt x 185.01263pt.
) [16 <./H1:HPI-ITMY_L4CINF_H4_IN1_DQ_SNR.pdf> <./H1:HPI-ITMY_L4CINF_H4_IN1_DQ_
SNR.pdf

pdfTeX warning: /usr/bin/pdflatex (file ./H1:HPI-ITMY_L4CINF_H4_IN1_DQ_SNR.pdf)
: PDF inclusion: multiple pdfs with page group included in a single page
> <./H1:HPI-ITMY_L4CINF_H4_IN1_DQ_SNR.pdf

pdfTeX warning: /usr/bin/pdflatex (file ./H1:HPI-ITMY_L4CINF_H4_IN1_DQ_SNR.pdf)
: PDF inclusion: multiple pdfs with page group included in a single page
> <./H1:HPI-ITMY_L4CINF_H4_IN1_DQ_SNR.pdf

pdfTeX warning: /usr/bin/pdflatex (file ./H1:HPI-ITMY_L4CINF_H4_IN1_DQ_SNR.pdf)
: PDF inclusion: multiple pdfs with page group included in a single page
> <./H1:HPI-ITMY_L4CINF_H4_IN1_DQ_SNR.pdf

pdfTeX warning: /usr/bin/pdflatex (file ./H1:HPI-ITMY_L4CINF_H4_IN1_DQ_SNR.pdf)
: PDF inclusion: multiple pdfs with page group included in a single page
> <./H1:LSC-DARM_IN1_DQ.pdf

pdfTeX warning: /usr/bin/pdflatex (file ./H1:LSC-DARM_IN1_DQ.pdf): PDF inclusio
n: multiple pdfs with page group included in a single page
>] (./nshp_mea.pdf_tex
<nshp_mea.pdf, id=317, page=1, 968.61874pt x 387.4475pt>
File: nshp_mea.pdf Graphic file (type pdf)

<use nshp_mea.pdf, page 1>
Package pdftex.def Info: nshp_mea.pdf, page1 used on input line 52.
(pdftex.def)             Requested size: 484.30937pt x 193.72327pt.
)
Overfull \hbox (94.30937pt too wide) in paragraph at lines 53--415
 [][] 
 []

[17 <./H1:SUS-ETMX_M0_LOCK_P_IN1_DQ.pdf>]

LaTeX Warning: Citation 'Git' on page 18 undefined on input line 419.

[18 <./nshp_mea.pdf>] <./NoiseShaping1.pdf, id=343, 435.79555pt x 178.0239pt>
File: ./NoiseShaping1.pdf Graphic file (type pdf)

<use ./NoiseShaping1.pdf>
Package pdftex.def Info: ./NoiseShaping1.pdf used on input line 438.
(pdftex.def)             Requested size: 435.79448pt x 178.02345pt.
File: ./NoiseShaping1.pdf Graphic file (type pdf)
 <use ./NoiseShaping1.pdf>
Package pdftex.def Info: ./NoiseShaping1.pdf used on input line 438.
(pdftex.def)             Requested size: 435.79448pt x 178.02345pt.
 (./NoiseShaping1.pdf_tex
<NoiseShaping1.pdf, id=344, 435.79555pt x 178.0239pt>
File: NoiseShaping1.pdf Graphic file (type pdf)
 <use NoiseShaping1.pdf>
Package pdftex.def Info: NoiseShaping1.pdf used on input line 52.
(pdftex.def)             Requested size: 435.79448pt x 178.02617pt.
)
Overfull \hbox (45.79448pt too wide) in paragraph at lines 53--439
 [][] 
 []

[19] [20 <./NoiseShaping1.pdf>]

LaTeX Warning: Citation 'Nentwig' on page 21 undefined on input line 460.

(./shaper.pdf_tex <shaper.pdf, id=369, page=1, 966.61125pt x 400.49625pt>
File: shaper.pdf Graphic file (type pdf)

<use shaper.pdf, page 1>
Package pdftex.def Info: shaper.pdf, page1 used on input line 52.
(pdftex.def)             Requested size: 483.30562pt x 200.24763pt.
)
Overfull \hbox (93.30562pt too wide) in paragraph at lines 53--469
 [][] 
 []

[21]
Underfull \hbox (badness 10000) in paragraph at lines 472--473

 []

Missing character: There is no â in font cmr12!
Missing character: There is no € in font cmr12!
Missing character: There is no ™ in font cmr12!

LaTeX Warning: Citation 'Christou' on page 22 undefined on input line 479.

[22 <./shaper.pdf>] <./shape_notch_mod.pdf, id=387, 457.549pt x 230.26913pt>
File: ./shape_notch_mod.pdf Graphic file (type pdf)

<use ./shape_notch_mod.pdf>
Package pdftex.def Info: ./shape_notch_mod.pdf used on input line 485.
(pdftex.def)             Requested size: 457.54787pt x 230.26857pt.
File: ./shape_notch_mod.pdf Graphic file (type pdf)
 <use ./shape_notch_mod.pdf>
Package pdftex.def Info: ./shape_notch_mod.pdf used on input line 485.
(pdftex.def)             Requested size: 457.54787pt x 230.26857pt.

(./shape_notch_mod.pdf_tex
<shape_notch_mod.pdf, id=388, page=1, 457.549pt x 230.26913pt>
File: shape_notch_mod.pdf Graphic file (type pdf)

<use shape_notch_mod.pdf, page 1>
Package pdftex.def Info: shape_notch_mod.pdf, page1 used on input line 52.
(pdftex.def)             Requested size: 457.54787pt x 230.27559pt.

<shape_notch_mod.pdf, id=389, page=2, 457.549pt x 230.26913pt>
File: shape_notch_mod.pdf Graphic file (type pdf)

<use shape_notch_mod.pdf, page 2>
Package pdftex.def Info: shape_notch_mod.pdf, page2 used on input line 55.
(pdftex.def)             Requested size: 457.54787pt x 230.27559pt.
)
Overfull \hbox (67.54787pt too wide) in paragraph at lines 56--490
 [][] 
 []

<./noise_shaping_mod.pdf, id=391, 447.38977pt x 254.521pt>
File: ./noise_shaping_mod.pdf Graphic file (type pdf)

<use ./noise_shaping_mod.pdf>
Package pdftex.def Info: ./noise_shaping_mod.pdf used on input line 497.
(pdftex.def)             Requested size: 447.38867pt x 254.52037pt.
File: ./noise_shaping_mod.pdf Graphic file (type pdf)
 <use ./noise_shaping_mod.pdf>
Package pdftex.def Info: ./noise_shaping_mod.pdf used on input line 497.
(pdftex.def)             Requested size: 447.38867pt x 254.52037pt.

(./noise_shaping_mod.pdf_tex
<noise_shaping_mod.pdf, id=392, page=1, 447.38977pt x 254.521pt>
File: noise_shaping_mod.pdf Graphic file (type pdf)

<use noise_shaping_mod.pdf, page 1>
Package pdftex.def Info: noise_shaping_mod.pdf, page1 used on input line 52.
(pdftex.def)             Requested size: 447.38867pt x 254.52814pt.
)
Overfull \hbox (57.38867pt too wide) in paragraph at lines 53--502
 [][] 
 []


Underfull \hbox (badness 10000) in paragraph at lines 493--504

 []


Underfull \hbox (badness 10000) in paragraph at lines 493--504

 []

[23 <./shape_notch_mod.pdf> <./shape_notch_mod.pdf

pdfTeX warning: /usr/bin/pdflatex (file ./shape_notch_mod.pdf): PDF inclusion: 
multiple pdfs with page group included in a single page
>]

LaTeX Warning: Citation 'drive' on page 24 undefined on input line 507.

[24 <./noise_shaping_mod.pdf>]
Underfull \hbox (badness 4660) in paragraph at lines 513--514
[]\OT1/cmr/m/n/12 Tutorials Point, [][]$\OT1/cmtt/m/n/12 http : / / www . tutor
ialspoint . com / dip / Concept _
 []


Underfull \hbox (badness 2726) in paragraph at lines 529--531
[]\OT1/cmr/m/n/12 Denis Mar-tynov, \OT1/cmr/m/it/12 Check-ing Dig-i-tal Sys-tem
 [][]$\OT1/cmtt/m/n/12 http : / / github . com /
 []


Underfull \hbox (badness 10000) in paragraph at lines 529--531
\OT1/cmtt/m/n/12 denismartynov / quantization$[][] [][]$http : / / nodus . ligo
 . caltech . edu :
 []


Underfull \hbox (badness 10000) in paragraph at lines 529--531
\OT1/cmtt/m/n/12 8080 / 40m / ?mode = full & attach = 1 & reverse = 0 & npp = 5
10 & Author = den &
 []


Underfull \hbox (badness 10000) in paragraph at lines 531--532
[]\OT1/cmr/m/n/12 Software Tool Code, [][]$\OT1/cmtt/m/n/12 http : / / github .
 com / ayush9pandey /
 []

[25]
Underfull \hbox (badness 10000) in paragraph at lines 545--546
[]\OT1/cmr/m/n/12 Quantization of Sig-nals, [][]$\OT1/cmtt/m/n/12 http : / / en
 . wikipedia . org / wiki /
 []

Missing character: There is no â in font cmr12!
Missing character: There is no € in font cmr12!
Missing character: There is no “ in font cmr12!

Underfull \hbox (badness 10000) in paragraph at lines 553--554
[]\OT1/cmr/m/n/12 Z-Transform, [][]$\OT1/cmtt/m/n/12 http : / / www . ele . uri
 . edu / Courses / ele541 /
 []


Underfull \hbox (badness 10000) in paragraph at lines 555--556
[]\OT1/cmr/m/n/12 Denis Mar-tynov, [][]$\OT1/cmtt/m/n/12 http : / / nodus . lig
o . caltech . edu : 8080 / 40m /
 []


Underfull \hbox (badness 10000) in paragraph at lines 555--556
\OT1/cmtt/m/n/12 ?mode = full & attach = 1 & reverse = 0 & npp = 510 & Author =
 den & subtext =
 []

[26]

LaTeX Warning: Empty bibliography on input line 564.

Package atveryend Info: Empty hook `BeforeClearDocument' on input line 565.
[27]
Package atveryend Info: Empty hook `AfterLastShipout' on input line 565.
 (./report_iitkgp.aux)
Package atveryend Info: Executing hook `AtVeryEndDocument' on input line 565.
Package atveryend Info: Executing hook `AtEndAfterFileList' on input line 565.
Package rerunfilecheck Info: File `report_iitkgp.out' has not changed.
(rerunfilecheck)             Checksum: 243D589404A989833B89295D84BE9B5D;2262.


LaTeX Font Warning: Some font shapes were not available, defaults substituted.


LaTeX Warning: There were undefined references.


Package biblatex Warning: Please (re)run Biber on the file:
(biblatex)                report_iitkgp
(biblatex)                and rerun LaTeX afterwards.

Package logreq Info: Writing requests to 'report_iitkgp.run.xml'.
\openout1 = `report_iitkgp.run.xml'.

Package atveryend Info: Empty hook `AtVeryVeryEnd' on input line 565.
 ) 
Here is how much of TeX's memory you used:
 14508 strings out of 493304
 228376 string characters out of 6139871
 659977 words of memory out of 5000000
 17580 multiletter control sequences out of 15000+600000
 11226 words of font info for 42 fonts, out of 8000000 for 9000
 957 hyphenation exceptions out of 8191
 68i,11n,98p,1440b,1458s stack positions out of 5000i,500n,10000p,200000b,80000s
</usr/share/texlive/texmf-dist/fonts/type1/public/amsfonts/cm/cmbx12.pfb></us
r/share/texlive/texmf-dist/fonts/type1/public/amsfonts/cm/cmcsc10.pfb></usr/sha
re/texlive/texmf-dist/fonts/type1/public/amsfonts/cm/cmex10.pfb></usr/share/tex
live/texmf-dist/fonts/type1/public/amsfonts/cm/cmmi12.pfb></usr/share/texlive/t
exmf-dist/fonts/type1/public/amsfonts/cm/cmmi8.pfb></usr/share/texlive/texmf-di
st/fonts/type1/public/amsfonts/cm/cmr12.pfb></usr/share/texlive/texmf-dist/font
s/type1/public/amsfonts/cm/cmr17.pfb></usr/share/texlive/texmf-dist/fonts/type1
/public/amsfonts/cm/cmr6.pfb></usr/share/texlive/texmf-dist/fonts/type1/public/
amsfonts/cm/cmr8.pfb></usr/share/texlive/texmf-dist/fonts/type1/public/amsfonts
/cm/cmsy10.pfb></usr/share/texlive/texmf-dist/fonts/type1/public/amsfonts/cm/cm
sy6.pfb></usr/share/texlive/texmf-dist/fonts/type1/public/amsfonts/cm/cmsy8.pfb
></usr/share/texlive/texmf-dist/fonts/type1/public/amsfonts/cm/cmti12.pfb></usr
/share/texlive/texmf-dist/fonts/type1/public/amsfonts/cm/cmtt12.pfb></usr/share
/texlive/texmf-dist/fonts/type1/public/amsfonts/symbols/msbm10.pfb>
Output written on report_iitkgp.pdf (28 pages, 1755901 bytes).
PDF statistics:
 574 PDF objects out of 1000 (max. 8388607)
 493 compressed objects within 5 object streams
 158 named destinations out of 1000 (max. 500000)
 381 words of extra memory for PDF output out of 10000 (max. 10000000)

